Flow report for spi_master
Tue May 11 15:59:28 2021
Quartus Prime Version 18.1.0 Build 625 09/12/2018 SJ Standard Edition


---------------------
; Table of Contents ;
---------------------
  1. Legal Notice
  2. Flow Summary
  3. Flow Settings
  4. Flow Non-Default Global Settings
  5. Flow Elapsed Time
  6. Flow OS Summary
  7. Flow Log
  8. Flow Messages
  9. Flow Suppressed Messages



----------------
; Legal Notice ;
----------------
Copyright (C) 2018  Intel Corporation. All rights reserved.
Your use of Intel Corporation's design tools, logic functions 
and other software and tools, and its AMPP partner logic 
functions, and any output files from any of the foregoing 
(including device programming or simulation files), and any 
associated documentation or information are expressly subject 
to the terms and conditions of the Intel Program License 
Subscription Agreement, the Intel Quartus Prime License Agreement,
the Intel FPGA IP License Agreement, or other applicable license
agreement, including, without limitation, that your use is for
the sole purpose of programming logic devices manufactured by
Intel and sold by Intel or its authorized distributors.  Please
refer to the applicable agreement for further details.



+-----------------------------------------------------------------------------------+
; Flow Summary                                                                      ;
+---------------------------------+-------------------------------------------------+
; Flow Status                     ; Successful - Tue May 11 15:59:28 2021           ;
; Quartus Prime Version           ; 18.1.0 Build 625 09/12/2018 SJ Standard Edition ;
; Revision Name                   ; spi_master                                      ;
; Top-level Entity Name           ; spi_master                                      ;
; Family                          ; Cyclone V                                       ;
; Device                          ; 5CSEMA4U23C6                                    ;
; Timing Models                   ; Final                                           ;
; Logic utilization (in ALMs)     ; 71 / 15,880 ( < 1 % )                           ;
; Total registers                 ; 88                                              ;
; Total pins                      ; 82 / 314 ( 26 % )                               ;
; Total virtual pins              ; 0                                               ;
; Total block memory bits         ; 0 / 2,764,800 ( 0 % )                           ;
; Total DSP Blocks                ; 0 / 84 ( 0 % )                                  ;
; Total HSSI RX PCSs              ; 0                                               ;
; Total HSSI PMA RX Deserializers ; 0                                               ;
; Total HSSI TX PCSs              ; 0                                               ;
; Total HSSI PMA TX Serializers   ; 0                                               ;
; Total PLLs                      ; 0 / 5 ( 0 % )                                   ;
; Total DLLs                      ; 0 / 4 ( 0 % )                                   ;
+---------------------------------+-------------------------------------------------+


+-----------------------------------------+
; Flow Settings                           ;
+-------------------+---------------------+
; Option            ; Setting             ;
+-------------------+---------------------+
; Start date & time ; 05/11/2021 15:32:17 ;
; Main task         ; Compilation         ;
; Revision Name     ; spi_master          ;
+-------------------+---------------------+


+-----------------------------------------------------------------------------------------------------------------------------+
; Flow Non-Default Global Settings                                                                                            ;
+-------------------------------------+----------------------------------------+---------------+-------------+----------------+
; Assignment Name                     ; Value                                  ; Default Value ; Entity Name ; Section Id     ;
+-------------------------------------+----------------------------------------+---------------+-------------+----------------+
; COMPILER_SIGNATURE_ID               ; 203061447565499.162073993606392        ; --            ; --          ; --             ;
; EDA_OUTPUT_DATA_FORMAT              ; Vhdl                                   ; --            ; --          ; eda_simulation ;
; EDA_SIMULATION_TOOL                 ; ModelSim-Altera (VHDL)                 ; <None>        ; --          ; --             ;
; EDA_TIME_SCALE                      ; 1 ps                                   ; --            ; --          ; eda_simulation ;
; MAX_CORE_JUNCTION_TEMP              ; 85                                     ; --            ; --          ; --             ;
; MIN_CORE_JUNCTION_TEMP              ; 0                                      ; --            ; --          ; --             ;
; PARTITION_COLOR                     ; -- (Not supported for targeted family) ; --            ; --          ; Top            ;
; PARTITION_FITTER_PRESERVATION_LEVEL ; -- (Not supported for targeted family) ; --            ; --          ; Top            ;
; PARTITION_NETLIST_TYPE              ; -- (Not supported for targeted family) ; --            ; --          ; Top            ;
; PROJECT_OUTPUT_DIRECTORY            ; output_files                           ; --            ; --          ; --             ;
+-------------------------------------+----------------------------------------+---------------+-------------+----------------+


+-----------------------------------------------------------------------------------------------------------------------------+
; Flow Elapsed Time                                                                                                           ;
+-------------------------+--------------+-------------------------+---------------------+------------------------------------+
; Module Name             ; Elapsed Time ; Average Processors Used ; Peak Virtual Memory ; Total CPU Time (on all processors) ;
+-------------------------+--------------+-------------------------+---------------------+------------------------------------+
; Analysis & Synthesis    ; 00:00:37     ; 1.0                     ; 4892 MB             ; 00:00:54                           ;
; Fitter                  ; 00:01:19     ; 1.0                     ; 6079 MB             ; 00:01:52                           ;
; Assembler               ; 00:00:28     ; 1.0                     ; 4853 MB             ; 00:00:07                           ;
; Timing Analyzer         ; 00:00:20     ; 1.1                     ; 5077 MB             ; 00:00:10                           ;
; EDA Netlist Writer      ; 00:00:13     ; 1.0                     ; 4757 MB             ; 00:00:03                           ;
; I/O Assignment Analysis ; 00:00:26     ; 1.0                     ; 5343 MB             ; 00:00:16                           ;
; Total                   ; 00:03:23     ; --                      ; --                  ; 00:03:22                           ;
+-------------------------+--------------+-------------------------+---------------------+------------------------------------+


+---------------------------------------------------------------------------------------+
; Flow OS Summary                                                                       ;
+-------------------------+------------------+------------+------------+----------------+
; Module Name             ; Machine Hostname ; OS Name    ; OS Version ; Processor type ;
+-------------------------+------------------+------------+------------+----------------+
; Analysis & Synthesis    ; LABO06           ; Windows 10 ; 10.0       ; x86_64         ;
; Fitter                  ; LABO06           ; Windows 10 ; 10.0       ; x86_64         ;
; Assembler               ; LABO06           ; Windows 10 ; 10.0       ; x86_64         ;
; Timing Analyzer         ; LABO06           ; Windows 10 ; 10.0       ; x86_64         ;
; EDA Netlist Writer      ; LABO06           ; Windows 10 ; 10.0       ; x86_64         ;
; I/O Assignment Analysis ; LABO06           ; Windows 10 ; 10.0       ; x86_64         ;
+-------------------------+------------------+------------+------------+----------------+


------------
; Flow Log ;
------------
quartus_map --read_settings_files=on --write_settings_files=off spi_master -c spi_master
quartus_fit --read_settings_files=off --write_settings_files=off spi_master -c spi_master
quartus_asm --read_settings_files=off --write_settings_files=off spi_master -c spi_master
quartus_sta spi_master -c spi_master
quartus_eda --read_settings_files=off --write_settings_files=off spi_master -c spi_master
quartus_fit --read_settings_files=on --write_settings_files=off spi_master -c spi_master --plan



