Timing Analyzer report for ledmatrixcontroller
Thu May 20 16:11:17 2021
Quartus Prime Version 18.1.0 Build 625 09/12/2018 SJ Standard Edition


---------------------
; Table of Contents ;
---------------------
  1. Legal Notice
  2. Timing Analyzer Summary
  3. Parallel Compilation
  4. Clocks
  5. Slow 1100mV 85C Model Fmax Summary
  6. Timing Closure Recommendations
  7. Slow 1100mV 85C Model Setup Summary
  8. Slow 1100mV 85C Model Hold Summary
  9. Slow 1100mV 85C Model Recovery Summary
 10. Slow 1100mV 85C Model Removal Summary
 11. Slow 1100mV 85C Model Minimum Pulse Width Summary
 12. Slow 1100mV 85C Model Metastability Summary
 13. Slow 1100mV 0C Model Fmax Summary
 14. Slow 1100mV 0C Model Setup Summary
 15. Slow 1100mV 0C Model Hold Summary
 16. Slow 1100mV 0C Model Recovery Summary
 17. Slow 1100mV 0C Model Removal Summary
 18. Slow 1100mV 0C Model Minimum Pulse Width Summary
 19. Slow 1100mV 0C Model Metastability Summary
 20. Fast 1100mV 85C Model Setup Summary
 21. Fast 1100mV 85C Model Hold Summary
 22. Fast 1100mV 85C Model Recovery Summary
 23. Fast 1100mV 85C Model Removal Summary
 24. Fast 1100mV 85C Model Minimum Pulse Width Summary
 25. Fast 1100mV 85C Model Metastability Summary
 26. Fast 1100mV 0C Model Setup Summary
 27. Fast 1100mV 0C Model Hold Summary
 28. Fast 1100mV 0C Model Recovery Summary
 29. Fast 1100mV 0C Model Removal Summary
 30. Fast 1100mV 0C Model Minimum Pulse Width Summary
 31. Fast 1100mV 0C Model Metastability Summary
 32. Multicorner Timing Analysis Summary
 33. Board Trace Model Assignments
 34. Input Transition Times
 35. Signal Integrity Metrics (Slow 1100mv 0c Model)
 36. Signal Integrity Metrics (Slow 1100mv 85c Model)
 37. Signal Integrity Metrics (Fast 1100mv 0c Model)
 38. Signal Integrity Metrics (Fast 1100mv 85c Model)
 39. Setup Transfers
 40. Hold Transfers
 41. Recovery Transfers
 42. Removal Transfers
 43. Report TCCS
 44. Report RSKM
 45. Unconstrained Paths Summary
 46. Clock Status Summary
 47. Unconstrained Input Ports
 48. Unconstrained Output Ports
 49. Unconstrained Input Ports
 50. Unconstrained Output Ports
 51. Timing Analyzer Messages



----------------
; Legal Notice ;
----------------
Copyright (C) 2018  Intel Corporation. All rights reserved.
Your use of Intel Corporation's design tools, logic functions 
and other software and tools, and its AMPP partner logic 
functions, and any output files from any of the foregoing 
(including device programming or simulation files), and any 
associated documentation or information are expressly subject 
to the terms and conditions of the Intel Program License 
Subscription Agreement, the Intel Quartus Prime License Agreement,
the Intel FPGA IP License Agreement, or other applicable license
agreement, including, without limitation, that your use is for
the sole purpose of programming logic devices manufactured by
Intel and sold by Intel or its authorized distributors.  Please
refer to the applicable agreement for further details.



+---------------------------------------------------------------------------------+
; Timing Analyzer Summary                                                         ;
+-----------------------+---------------------------------------------------------+
; Quartus Prime Version ; Version 18.1.0 Build 625 09/12/2018 SJ Standard Edition ;
; Timing Analyzer       ; Legacy Timing Analyzer                                  ;
; Revision Name         ; ledmatrixcontroller                                     ;
; Device Family         ; Cyclone V                                               ;
; Device Name           ; 5CSEMA4U23C6                                            ;
; Timing Models         ; Final                                                   ;
; Delay Model           ; Combined                                                ;
; Rise/Fall Delays      ; Enabled                                                 ;
+-----------------------+---------------------------------------------------------+


+------------------------------------------+
; Parallel Compilation                     ;
+----------------------------+-------------+
; Processors                 ; Number      ;
+----------------------------+-------------+
; Number detected on machine ; 4           ;
; Maximum allowed            ; 2           ;
;                            ;             ;
; Average used               ; 1.08        ;
; Maximum used               ; 2           ;
;                            ;             ;
; Usage by Processor         ; % Time Used ;
;     Processor 1            ; 100.0%      ;
;     Processor 2            ;   7.5%      ;
+----------------------------+-------------+


+------------------------------------------------------------------------------------------------------------------------------------------------------------------------------------------------+
; Clocks                                                                                                                                                                                         ;
+----------------+------+--------+------------+-------+-------+------------+-----------+-------------+-------+--------+-----------+------------+----------+--------+--------+--------------------+
; Clock Name     ; Type ; Period ; Frequency  ; Rise  ; Fall  ; Duty Cycle ; Divide by ; Multiply by ; Phase ; Offset ; Edge List ; Edge Shift ; Inverted ; Master ; Source ; Targets            ;
+----------------+------+--------+------------+-------+-------+------------+-----------+-------------+-------+--------+-----------+------------+----------+--------+--------+--------------------+
; clk            ; Base ; 1.000  ; 1000.0 MHz ; 0.000 ; 0.500 ;            ;           ;             ;       ;        ;           ;            ;          ;        ;        ; { clk }            ;
; clockbuffer    ; Base ; 1.000  ; 1000.0 MHz ; 0.000 ; 0.500 ;            ;           ;             ;       ;        ;           ;            ;          ;        ;        ; { clockbuffer }    ;
; fsm:fsm1|cs.s4 ; Base ; 1.000  ; 1000.0 MHz ; 0.000 ; 0.500 ;            ;           ;             ;       ;        ;           ;            ;          ;        ;        ; { fsm:fsm1|cs.s4 } ;
+----------------+------+--------+------------+-------+-------+------------+-----------+-------------+-------+--------+-----------+------------+----------+--------+--------+--------------------+


+------------------------------------------------------+
; Slow 1100mV 85C Model Fmax Summary                   ;
+------------+-----------------+----------------+------+
; Fmax       ; Restricted Fmax ; Clock Name     ; Note ;
+------------+-----------------+----------------+------+
; 163.05 MHz ; 163.05 MHz      ; clk            ;      ;
; 325.41 MHz ; 325.41 MHz      ; fsm:fsm1|cs.s4 ;      ;
; 415.8 MHz  ; 415.8 MHz       ; clockbuffer    ;      ;
+------------+-----------------+----------------+------+
This panel reports FMAX for every clock in the design, regardless of the user-specified clock periods.  FMAX is only computed for paths where the source and destination registers or ports are driven by the same clock.  Paths of different clocks, including generated clocks, are ignored.  For paths between a clock and its inversion, FMAX is computed as if the rising and falling edges are scaled along with FMAX, such that the duty cycle (in terms of a percentage) is maintained. Altera recommends that you always use clock constraints and other slack reports for sign-off analysis.


----------------------------------
; Timing Closure Recommendations ;
----------------------------------
HTML report is unavailable in plain text report export.


+-----------------------------------------+
; Slow 1100mV 85C Model Setup Summary     ;
+----------------+--------+---------------+
; Clock          ; Slack  ; End Point TNS ;
+----------------+--------+---------------+
; clk            ; -5.133 ; -110.188      ;
; fsm:fsm1|cs.s4 ; -2.073 ; -30.591       ;
; clockbuffer    ; -1.405 ; -32.004       ;
+----------------+--------+---------------+


+----------------------------------------+
; Slow 1100mV 85C Model Hold Summary     ;
+----------------+-------+---------------+
; Clock          ; Slack ; End Point TNS ;
+----------------+-------+---------------+
; clockbuffer    ; 0.174 ; 0.000         ;
; clk            ; 0.400 ; 0.000         ;
; fsm:fsm1|cs.s4 ; 0.540 ; 0.000         ;
+----------------+-------+---------------+


+----------------------------------------+
; Slow 1100mV 85C Model Recovery Summary ;
+-------------+--------+-----------------+
; Clock       ; Slack  ; End Point TNS   ;
+-------------+--------+-----------------+
; clockbuffer ; -1.442 ; -15.832         ;
+-------------+--------+-----------------+


+---------------------------------------+
; Slow 1100mV 85C Model Removal Summary ;
+-------------+-------+-----------------+
; Clock       ; Slack ; End Point TNS   ;
+-------------+-------+-----------------+
; clockbuffer ; 0.579 ; 0.000           ;
+-------------+-------+-----------------+


+---------------------------------------------------+
; Slow 1100mV 85C Model Minimum Pulse Width Summary ;
+----------------+--------+-------------------------+
; Clock          ; Slack  ; End Point TNS           ;
+----------------+--------+-------------------------+
; clk            ; -0.394 ; -22.641                 ;
; clockbuffer    ; -0.394 ; -14.511                 ;
; fsm:fsm1|cs.s4 ; -0.394 ; -9.953                  ;
+----------------+--------+-------------------------+


-----------------------------------------------
; Slow 1100mV 85C Model Metastability Summary ;
-----------------------------------------------
No synchronizer chains to report.


+------------------------------------------------------+
; Slow 1100mV 0C Model Fmax Summary                    ;
+------------+-----------------+----------------+------+
; Fmax       ; Restricted Fmax ; Clock Name     ; Note ;
+------------+-----------------+----------------+------+
; 159.11 MHz ; 159.11 MHz      ; clk            ;      ;
; 334.67 MHz ; 334.67 MHz      ; fsm:fsm1|cs.s4 ;      ;
; 418.24 MHz ; 418.24 MHz      ; clockbuffer    ;      ;
+------------+-----------------+----------------+------+
This panel reports FMAX for every clock in the design, regardless of the user-specified clock periods.  FMAX is only computed for paths where the source and destination registers or ports are driven by the same clock.  Paths of different clocks, including generated clocks, are ignored.  For paths between a clock and its inversion, FMAX is computed as if the rising and falling edges are scaled along with FMAX, such that the duty cycle (in terms of a percentage) is maintained. Altera recommends that you always use clock constraints and other slack reports for sign-off analysis.


+-----------------------------------------+
; Slow 1100mV 0C Model Setup Summary      ;
+----------------+--------+---------------+
; Clock          ; Slack  ; End Point TNS ;
+----------------+--------+---------------+
; clk            ; -5.285 ; -109.532      ;
; fsm:fsm1|cs.s4 ; -1.988 ; -29.744       ;
; clockbuffer    ; -1.391 ; -31.331       ;
+----------------+--------+---------------+


+----------------------------------------+
; Slow 1100mV 0C Model Hold Summary      ;
+----------------+-------+---------------+
; Clock          ; Slack ; End Point TNS ;
+----------------+-------+---------------+
; clockbuffer    ; 0.152 ; 0.000         ;
; clk            ; 0.393 ; 0.000         ;
; fsm:fsm1|cs.s4 ; 0.519 ; 0.000         ;
+----------------+-------+---------------+


+---------------------------------------+
; Slow 1100mV 0C Model Recovery Summary ;
+-------------+--------+----------------+
; Clock       ; Slack  ; End Point TNS  ;
+-------------+--------+----------------+
; clockbuffer ; -1.422 ; -15.610        ;
+-------------+--------+----------------+


+--------------------------------------+
; Slow 1100mV 0C Model Removal Summary ;
+-------------+-------+----------------+
; Clock       ; Slack ; End Point TNS  ;
+-------------+-------+----------------+
; clockbuffer ; 0.525 ; 0.000          ;
+-------------+-------+----------------+


+--------------------------------------------------+
; Slow 1100mV 0C Model Minimum Pulse Width Summary ;
+----------------+--------+------------------------+
; Clock          ; Slack  ; End Point TNS          ;
+----------------+--------+------------------------+
; clk            ; -0.394 ; -25.427                ;
; clockbuffer    ; -0.394 ; -14.863                ;
; fsm:fsm1|cs.s4 ; -0.394 ; -9.935                 ;
+----------------+--------+------------------------+


----------------------------------------------
; Slow 1100mV 0C Model Metastability Summary ;
----------------------------------------------
No synchronizer chains to report.


+-----------------------------------------+
; Fast 1100mV 85C Model Setup Summary     ;
+----------------+--------+---------------+
; Clock          ; Slack  ; End Point TNS ;
+----------------+--------+---------------+
; clk            ; -2.706 ; -46.626       ;
; fsm:fsm1|cs.s4 ; -0.910 ; -12.612       ;
; clockbuffer    ; -0.735 ; -13.914       ;
+----------------+--------+---------------+


+-----------------------------------------+
; Fast 1100mV 85C Model Hold Summary      ;
+----------------+--------+---------------+
; Clock          ; Slack  ; End Point TNS ;
+----------------+--------+---------------+
; clockbuffer    ; -0.087 ; -0.303        ;
; clk            ; 0.212  ; 0.000         ;
; fsm:fsm1|cs.s4 ; 0.274  ; 0.000         ;
+----------------+--------+---------------+


+----------------------------------------+
; Fast 1100mV 85C Model Recovery Summary ;
+-------------+--------+-----------------+
; Clock       ; Slack  ; End Point TNS   ;
+-------------+--------+-----------------+
; clockbuffer ; -0.992 ; -10.898         ;
+-------------+--------+-----------------+


+---------------------------------------+
; Fast 1100mV 85C Model Removal Summary ;
+-------------+-------+-----------------+
; Clock       ; Slack ; End Point TNS   ;
+-------------+-------+-----------------+
; clockbuffer ; 0.225 ; 0.000           ;
+-------------+-------+-----------------+


+---------------------------------------------------+
; Fast 1100mV 85C Model Minimum Pulse Width Summary ;
+----------------+--------+-------------------------+
; Clock          ; Slack  ; End Point TNS           ;
+----------------+--------+-------------------------+
; clk            ; -0.277 ; -3.027                  ;
; clockbuffer    ; -0.009 ; -0.030                  ;
; fsm:fsm1|cs.s4 ; 0.045  ; 0.000                   ;
+----------------+--------+-------------------------+


-----------------------------------------------
; Fast 1100mV 85C Model Metastability Summary ;
-----------------------------------------------
No synchronizer chains to report.


+-----------------------------------------+
; Fast 1100mV 0C Model Setup Summary      ;
+----------------+--------+---------------+
; Clock          ; Slack  ; End Point TNS ;
+----------------+--------+---------------+
; clk            ; -2.523 ; -40.828       ;
; fsm:fsm1|cs.s4 ; -0.774 ; -10.729       ;
; clockbuffer    ; -0.601 ; -11.358       ;
+----------------+--------+---------------+


+-----------------------------------------+
; Fast 1100mV 0C Model Hold Summary       ;
+----------------+--------+---------------+
; Clock          ; Slack  ; End Point TNS ;
+----------------+--------+---------------+
; clockbuffer    ; -0.125 ; -0.492        ;
; clk            ; 0.196  ; 0.000         ;
; fsm:fsm1|cs.s4 ; 0.245  ; 0.000         ;
+----------------+--------+---------------+


+---------------------------------------+
; Fast 1100mV 0C Model Recovery Summary ;
+-------------+--------+----------------+
; Clock       ; Slack  ; End Point TNS  ;
+-------------+--------+----------------+
; clockbuffer ; -0.879 ; -9.655         ;
+-------------+--------+----------------+


+--------------------------------------+
; Fast 1100mV 0C Model Removal Summary ;
+-------------+-------+----------------+
; Clock       ; Slack ; End Point TNS  ;
+-------------+-------+----------------+
; clockbuffer ; 0.147 ; 0.000          ;
+-------------+-------+----------------+


+--------------------------------------------------+
; Fast 1100mV 0C Model Minimum Pulse Width Summary ;
+----------------+--------+------------------------+
; Clock          ; Slack  ; End Point TNS          ;
+----------------+--------+------------------------+
; clk            ; -0.279 ; -3.283                 ;
; clockbuffer    ; 0.026  ; 0.000                  ;
; fsm:fsm1|cs.s4 ; 0.069  ; 0.000                  ;
+----------------+--------+------------------------+


----------------------------------------------
; Fast 1100mV 0C Model Metastability Summary ;
----------------------------------------------
No synchronizer chains to report.


+---------------------------------------------------------------------------------+
; Multicorner Timing Analysis Summary                                             ;
+------------------+----------+--------+----------+---------+---------------------+
; Clock            ; Setup    ; Hold   ; Recovery ; Removal ; Minimum Pulse Width ;
+------------------+----------+--------+----------+---------+---------------------+
; Worst-case Slack ; -5.285   ; -0.125 ; -1.442   ; 0.147   ; -0.394              ;
;  clk             ; -5.285   ; 0.196  ; N/A      ; N/A     ; -0.394              ;
;  clockbuffer     ; -1.405   ; -0.125 ; -1.442   ; 0.147   ; -0.394              ;
;  fsm:fsm1|cs.s4  ; -2.073   ; 0.245  ; N/A      ; N/A     ; -0.394              ;
; Design-wide TNS  ; -172.783 ; -0.492 ; -15.832  ; 0.0     ; -50.225             ;
;  clk             ; -110.188 ; 0.000  ; N/A      ; N/A     ; -25.427             ;
;  clockbuffer     ; -32.004  ; -0.492 ; -15.832  ; 0.000   ; -14.863             ;
;  fsm:fsm1|cs.s4  ; -30.591  ; 0.000  ; N/A      ; N/A     ; -9.953              ;
+------------------+----------+--------+----------+---------+---------------------+


+-------------------------------------------------------------------------------------------------------------------------------------------------------------------------------------------------------------------------------------------------------------------------------------------------------------------------------------------------------------------------------------------------------------+
; Board Trace Model Assignments                                                                                                                                                                                                                                                                                                                                                                               ;
+----------+--------------+-------------------+-------------------------+-------------------------+---------------+---------------------+----------------+------------------+--------+------------------+------------------------+------------------------+--------------+---------------+-----------------+-------+---------------------+--------------------+---------------+-----------------+-------------+
; Pin      ; I/O Standard ; Near Tline Length ; Near Tline L per Length ; Near Tline C per Length ; Near Series R ; Near Differential R ; Near Pull-up R ; Near Pull-down R ; Near C ; Far Tline Length ; Far Tline L per Length ; Far Tline C per Length ; Far Series R ; Far Pull-up R ; Far Pull-down R ; Far C ; Termination Voltage ; Far Differential R ; EBD File Name ; EBD Signal Name ; EBD Far-end ;
+----------+--------------+-------------------+-------------------------+-------------------------+---------------+---------------------+----------------+------------------+--------+------------------+------------------------+------------------------+--------------+---------------+-----------------+-------+---------------------+--------------------+---------------+-----------------+-------------+
; clockout ; 2.5 V        ; 0 in              ; 0 H/in                  ; 0 F/in                  ; short         ; -                   ; open           ; open             ; open   ; 0 in             ; 0 H/in                 ; 0 F/in                 ; short        ; open          ; open            ; open  ; 0 V                 ; -                  ; n/a           ; n/a             ; n/a         ;
; dout     ; 2.5 V        ; 0 in              ; 0 H/in                  ; 0 F/in                  ; short         ; -                   ; open           ; open             ; open   ; 0 in             ; 0 H/in                 ; 0 F/in                 ; short        ; open          ; open            ; open  ; 0 V                 ; -                  ; n/a           ; n/a             ; n/a         ;
; ce       ; 2.5 V        ; 0 in              ; 0 H/in                  ; 0 F/in                  ; short         ; -                   ; open           ; open             ; open   ; 0 in             ; 0 H/in                 ; 0 F/in                 ; short        ; open          ; open            ; open  ; 0 V                 ; -                  ; n/a           ; n/a             ; n/a         ;
; done     ; 2.5 V        ; 0 in              ; 0 H/in                  ; 0 F/in                  ; short         ; -                   ; open           ; open             ; open   ; 0 in             ; 0 H/in                 ; 0 F/in                 ; short        ; open          ; open            ; open  ; 0 V                 ; -                  ; n/a           ; n/a             ; n/a         ;
+----------+--------------+-------------------+-------------------------+-------------------------+---------------+---------------------+----------------+------------------+--------+------------------+------------------------+------------------------+--------------+---------------+-----------------+-------+---------------------+--------------------+---------------+-----------------+-------------+


+----------------------------------------------------------+
; Input Transition Times                                   ;
+-------+--------------+-----------------+-----------------+
; Pin   ; I/O Standard ; 10-90 Rise Time ; 90-10 Fall Time ;
+-------+--------------+-----------------+-----------------+
; clk   ; 2.5 V        ; 2000 ps         ; 2000 ps         ;
; r3[7] ; 2.5 V        ; 2000 ps         ; 2000 ps         ;
; r5[7] ; 2.5 V        ; 2000 ps         ; 2000 ps         ;
; r6[7] ; 2.5 V        ; 2000 ps         ; 2000 ps         ;
; r7[7] ; 2.5 V        ; 2000 ps         ; 2000 ps         ;
; r8[7] ; 2.5 V        ; 2000 ps         ; 2000 ps         ;
; r4[7] ; 2.5 V        ; 2000 ps         ; 2000 ps         ;
; r2[7] ; 2.5 V        ; 2000 ps         ; 2000 ps         ;
; r1[7] ; 2.5 V        ; 2000 ps         ; 2000 ps         ;
; r3[6] ; 2.5 V        ; 2000 ps         ; 2000 ps         ;
; r5[6] ; 2.5 V        ; 2000 ps         ; 2000 ps         ;
; r6[6] ; 2.5 V        ; 2000 ps         ; 2000 ps         ;
; r7[6] ; 2.5 V        ; 2000 ps         ; 2000 ps         ;
; r8[6] ; 2.5 V        ; 2000 ps         ; 2000 ps         ;
; r4[6] ; 2.5 V        ; 2000 ps         ; 2000 ps         ;
; r2[6] ; 2.5 V        ; 2000 ps         ; 2000 ps         ;
; r1[6] ; 2.5 V        ; 2000 ps         ; 2000 ps         ;
; r3[5] ; 2.5 V        ; 2000 ps         ; 2000 ps         ;
; r5[5] ; 2.5 V        ; 2000 ps         ; 2000 ps         ;
; r6[5] ; 2.5 V        ; 2000 ps         ; 2000 ps         ;
; r7[5] ; 2.5 V        ; 2000 ps         ; 2000 ps         ;
; r8[5] ; 2.5 V        ; 2000 ps         ; 2000 ps         ;
; r4[5] ; 2.5 V        ; 2000 ps         ; 2000 ps         ;
; r2[5] ; 2.5 V        ; 2000 ps         ; 2000 ps         ;
; r1[5] ; 2.5 V        ; 2000 ps         ; 2000 ps         ;
; r5[4] ; 2.5 V        ; 2000 ps         ; 2000 ps         ;
; r6[4] ; 2.5 V        ; 2000 ps         ; 2000 ps         ;
; r7[4] ; 2.5 V        ; 2000 ps         ; 2000 ps         ;
; r8[4] ; 2.5 V        ; 2000 ps         ; 2000 ps         ;
; r4[4] ; 2.5 V        ; 2000 ps         ; 2000 ps         ;
; r2[4] ; 2.5 V        ; 2000 ps         ; 2000 ps         ;
; r1[4] ; 2.5 V        ; 2000 ps         ; 2000 ps         ;
; r3[4] ; 2.5 V        ; 2000 ps         ; 2000 ps         ;
; r5[3] ; 2.5 V        ; 2000 ps         ; 2000 ps         ;
; r6[3] ; 2.5 V        ; 2000 ps         ; 2000 ps         ;
; r7[3] ; 2.5 V        ; 2000 ps         ; 2000 ps         ;
; r8[3] ; 2.5 V        ; 2000 ps         ; 2000 ps         ;
; r4[3] ; 2.5 V        ; 2000 ps         ; 2000 ps         ;
; r2[3] ; 2.5 V        ; 2000 ps         ; 2000 ps         ;
; r1[3] ; 2.5 V        ; 2000 ps         ; 2000 ps         ;
; r3[3] ; 2.5 V        ; 2000 ps         ; 2000 ps         ;
; r5[2] ; 2.5 V        ; 2000 ps         ; 2000 ps         ;
; r6[2] ; 2.5 V        ; 2000 ps         ; 2000 ps         ;
; r7[2] ; 2.5 V        ; 2000 ps         ; 2000 ps         ;
; r8[2] ; 2.5 V        ; 2000 ps         ; 2000 ps         ;
; r4[2] ; 2.5 V        ; 2000 ps         ; 2000 ps         ;
; r2[2] ; 2.5 V        ; 2000 ps         ; 2000 ps         ;
; r1[2] ; 2.5 V        ; 2000 ps         ; 2000 ps         ;
; r3[2] ; 2.5 V        ; 2000 ps         ; 2000 ps         ;
; r5[1] ; 2.5 V        ; 2000 ps         ; 2000 ps         ;
; r6[1] ; 2.5 V        ; 2000 ps         ; 2000 ps         ;
; r7[1] ; 2.5 V        ; 2000 ps         ; 2000 ps         ;
; r8[1] ; 2.5 V        ; 2000 ps         ; 2000 ps         ;
; r4[1] ; 2.5 V        ; 2000 ps         ; 2000 ps         ;
; r2[1] ; 2.5 V        ; 2000 ps         ; 2000 ps         ;
; r1[1] ; 2.5 V        ; 2000 ps         ; 2000 ps         ;
; r3[1] ; 2.5 V        ; 2000 ps         ; 2000 ps         ;
; r5[0] ; 2.5 V        ; 2000 ps         ; 2000 ps         ;
; r6[0] ; 2.5 V        ; 2000 ps         ; 2000 ps         ;
; r7[0] ; 2.5 V        ; 2000 ps         ; 2000 ps         ;
; r8[0] ; 2.5 V        ; 2000 ps         ; 2000 ps         ;
; r4[0] ; 2.5 V        ; 2000 ps         ; 2000 ps         ;
; r2[0] ; 2.5 V        ; 2000 ps         ; 2000 ps         ;
; r1[0] ; 2.5 V        ; 2000 ps         ; 2000 ps         ;
; r3[0] ; 2.5 V        ; 2000 ps         ; 2000 ps         ;
+-------+--------------+-----------------+-----------------+


+---------------------------------------------------------------------------------------------------------------------------------------------------------------------------------------------------------------------------------------------------------------------------------------------------------------------------------------------------------------------------------------------------------------------------------------------------------------------------------------------------------------------------------------------------------------------------------------------------------------------------------------------------------------------------------------+
; Signal Integrity Metrics (Slow 1100mv 0c Model)                                                                                                                                                                                                                                                                                                                                                                                                                                                                                                                                                                                                                                       ;
+----------+--------------+---------------------+---------------------+------------------------------+------------------------------+---------------------+---------------------+--------------------------------------+--------------------------------------+-----------------------------+-----------------------------+----------------------------+----------------------------+-----------------------------+-----------------------------+--------------------+--------------------+-------------------------------------+-------------------------------------+----------------------------+----------------------------+---------------------------+---------------------------+
; Pin      ; I/O Standard ; Board Delay on Rise ; Board Delay on Fall ; Steady State Voh at FPGA Pin ; Steady State Vol at FPGA Pin ; Voh Max at FPGA Pin ; Vol Min at FPGA Pin ; Ringback Voltage on Rise at FPGA Pin ; Ringback Voltage on Fall at FPGA Pin ; 10-90 Rise Time at FPGA Pin ; 90-10 Fall Time at FPGA Pin ; Monotonic Rise at FPGA Pin ; Monotonic Fall at FPGA Pin ; Steady State Voh at Far-end ; Steady State Vol at Far-end ; Voh Max at Far-end ; Vol Min at Far-end ; Ringback Voltage on Rise at Far-end ; Ringback Voltage on Fall at Far-end ; 10-90 Rise Time at Far-end ; 90-10 Fall Time at Far-end ; Monotonic Rise at Far-end ; Monotonic Fall at Far-end ;
+----------+--------------+---------------------+---------------------+------------------------------+------------------------------+---------------------+---------------------+--------------------------------------+--------------------------------------+-----------------------------+-----------------------------+----------------------------+----------------------------+-----------------------------+-----------------------------+--------------------+--------------------+-------------------------------------+-------------------------------------+----------------------------+----------------------------+---------------------------+---------------------------+
; clockout ; 2.5 V        ; 0 s                 ; 0 s                 ; 2.32 V                       ; 3.52e-07 V                   ; 2.42 V              ; -0.0568 V           ; 0.173 V                              ; 0.113 V                              ; 4.5e-10 s                   ; 4.35e-10 s                  ; No                         ; No                         ; 2.32 V                      ; 3.52e-07 V                  ; 2.42 V             ; -0.0568 V          ; 0.173 V                             ; 0.113 V                             ; 4.5e-10 s                  ; 4.35e-10 s                 ; No                        ; No                        ;
; dout     ; 2.5 V        ; 0 s                 ; 0 s                 ; 2.32 V                       ; 3.6e-07 V                    ; 2.41 V              ; -0.0463 V           ; 0.201 V                              ; 0.131 V                              ; 4.61e-10 s                  ; 4.53e-10 s                  ; No                         ; Yes                        ; 2.32 V                      ; 3.6e-07 V                   ; 2.41 V             ; -0.0463 V          ; 0.201 V                             ; 0.131 V                             ; 4.61e-10 s                 ; 4.53e-10 s                 ; No                        ; Yes                       ;
; ce       ; 2.5 V        ; 0 s                 ; 0 s                 ; 2.32 V                       ; 3.52e-07 V                   ; 2.42 V              ; -0.0568 V           ; 0.173 V                              ; 0.113 V                              ; 4.5e-10 s                   ; 4.35e-10 s                  ; No                         ; No                         ; 2.32 V                      ; 3.52e-07 V                  ; 2.42 V             ; -0.0568 V          ; 0.173 V                             ; 0.113 V                             ; 4.5e-10 s                  ; 4.35e-10 s                 ; No                        ; No                        ;
; done     ; 2.5 V        ; 0 s                 ; 0 s                 ; 2.32 V                       ; 3.52e-07 V                   ; 2.42 V              ; -0.0557 V           ; 0.175 V                              ; 0.114 V                              ; 4.5e-10 s                   ; 4.35e-10 s                  ; No                         ; No                         ; 2.32 V                      ; 3.52e-07 V                  ; 2.42 V             ; -0.0557 V          ; 0.175 V                             ; 0.114 V                             ; 4.5e-10 s                  ; 4.35e-10 s                 ; No                        ; No                        ;
+----------+--------------+---------------------+---------------------+------------------------------+------------------------------+---------------------+---------------------+--------------------------------------+--------------------------------------+-----------------------------+-----------------------------+----------------------------+----------------------------+-----------------------------+-----------------------------+--------------------+--------------------+-------------------------------------+-------------------------------------+----------------------------+----------------------------+---------------------------+---------------------------+


+---------------------------------------------------------------------------------------------------------------------------------------------------------------------------------------------------------------------------------------------------------------------------------------------------------------------------------------------------------------------------------------------------------------------------------------------------------------------------------------------------------------------------------------------------------------------------------------------------------------------------------------------------------------------------------------+
; Signal Integrity Metrics (Slow 1100mv 85c Model)                                                                                                                                                                                                                                                                                                                                                                                                                                                                                                                                                                                                                                      ;
+----------+--------------+---------------------+---------------------+------------------------------+------------------------------+---------------------+---------------------+--------------------------------------+--------------------------------------+-----------------------------+-----------------------------+----------------------------+----------------------------+-----------------------------+-----------------------------+--------------------+--------------------+-------------------------------------+-------------------------------------+----------------------------+----------------------------+---------------------------+---------------------------+
; Pin      ; I/O Standard ; Board Delay on Rise ; Board Delay on Fall ; Steady State Voh at FPGA Pin ; Steady State Vol at FPGA Pin ; Voh Max at FPGA Pin ; Vol Min at FPGA Pin ; Ringback Voltage on Rise at FPGA Pin ; Ringback Voltage on Fall at FPGA Pin ; 10-90 Rise Time at FPGA Pin ; 90-10 Fall Time at FPGA Pin ; Monotonic Rise at FPGA Pin ; Monotonic Fall at FPGA Pin ; Steady State Voh at Far-end ; Steady State Vol at Far-end ; Voh Max at Far-end ; Vol Min at Far-end ; Ringback Voltage on Rise at Far-end ; Ringback Voltage on Fall at Far-end ; 10-90 Rise Time at Far-end ; 90-10 Fall Time at Far-end ; Monotonic Rise at Far-end ; Monotonic Fall at Far-end ;
+----------+--------------+---------------------+---------------------+------------------------------+------------------------------+---------------------+---------------------+--------------------------------------+--------------------------------------+-----------------------------+-----------------------------+----------------------------+----------------------------+-----------------------------+-----------------------------+--------------------+--------------------+-------------------------------------+-------------------------------------+----------------------------+----------------------------+---------------------------+---------------------------+
; clockout ; 2.5 V        ; 0 s                 ; 0 s                 ; 2.32 V                       ; 3.88e-05 V                   ; 2.39 V              ; -0.0374 V           ; 0.189 V                              ; 0.158 V                              ; 4.66e-10 s                  ; 4.67e-10 s                  ; No                         ; Yes                        ; 2.32 V                      ; 3.88e-05 V                  ; 2.39 V             ; -0.0374 V          ; 0.189 V                             ; 0.158 V                             ; 4.66e-10 s                 ; 4.67e-10 s                 ; No                        ; Yes                       ;
; dout     ; 2.5 V        ; 0 s                 ; 0 s                 ; 2.32 V                       ; 3.96e-05 V                   ; 2.38 V              ; -0.0306 V           ; 0.23 V                               ; 0.206 V                              ; 4.83e-10 s                  ; 5.01e-10 s                  ; No                         ; Yes                        ; 2.32 V                      ; 3.96e-05 V                  ; 2.38 V             ; -0.0306 V          ; 0.23 V                              ; 0.206 V                             ; 4.83e-10 s                 ; 5.01e-10 s                 ; No                        ; Yes                       ;
; ce       ; 2.5 V        ; 0 s                 ; 0 s                 ; 2.32 V                       ; 3.88e-05 V                   ; 2.39 V              ; -0.0374 V           ; 0.189 V                              ; 0.158 V                              ; 4.66e-10 s                  ; 4.67e-10 s                  ; No                         ; Yes                        ; 2.32 V                      ; 3.88e-05 V                  ; 2.39 V             ; -0.0374 V          ; 0.189 V                             ; 0.158 V                             ; 4.66e-10 s                 ; 4.67e-10 s                 ; No                        ; Yes                       ;
; done     ; 2.5 V        ; 0 s                 ; 0 s                 ; 2.32 V                       ; 3.88e-05 V                   ; 2.39 V              ; -0.037 V            ; 0.188 V                              ; 0.158 V                              ; 4.67e-10 s                  ; 4.67e-10 s                  ; No                         ; Yes                        ; 2.32 V                      ; 3.88e-05 V                  ; 2.39 V             ; -0.037 V           ; 0.188 V                             ; 0.158 V                             ; 4.67e-10 s                 ; 4.67e-10 s                 ; No                        ; Yes                       ;
+----------+--------------+---------------------+---------------------+------------------------------+------------------------------+---------------------+---------------------+--------------------------------------+--------------------------------------+-----------------------------+-----------------------------+----------------------------+----------------------------+-----------------------------+-----------------------------+--------------------+--------------------+-------------------------------------+-------------------------------------+----------------------------+----------------------------+---------------------------+---------------------------+


+---------------------------------------------------------------------------------------------------------------------------------------------------------------------------------------------------------------------------------------------------------------------------------------------------------------------------------------------------------------------------------------------------------------------------------------------------------------------------------------------------------------------------------------------------------------------------------------------------------------------------------------------------------------------------------------+
; Signal Integrity Metrics (Fast 1100mv 0c Model)                                                                                                                                                                                                                                                                                                                                                                                                                                                                                                                                                                                                                                       ;
+----------+--------------+---------------------+---------------------+------------------------------+------------------------------+---------------------+---------------------+--------------------------------------+--------------------------------------+-----------------------------+-----------------------------+----------------------------+----------------------------+-----------------------------+-----------------------------+--------------------+--------------------+-------------------------------------+-------------------------------------+----------------------------+----------------------------+---------------------------+---------------------------+
; Pin      ; I/O Standard ; Board Delay on Rise ; Board Delay on Fall ; Steady State Voh at FPGA Pin ; Steady State Vol at FPGA Pin ; Voh Max at FPGA Pin ; Vol Min at FPGA Pin ; Ringback Voltage on Rise at FPGA Pin ; Ringback Voltage on Fall at FPGA Pin ; 10-90 Rise Time at FPGA Pin ; 90-10 Fall Time at FPGA Pin ; Monotonic Rise at FPGA Pin ; Monotonic Fall at FPGA Pin ; Steady State Voh at Far-end ; Steady State Vol at Far-end ; Voh Max at Far-end ; Vol Min at Far-end ; Ringback Voltage on Rise at Far-end ; Ringback Voltage on Fall at Far-end ; 10-90 Rise Time at Far-end ; 90-10 Fall Time at Far-end ; Monotonic Rise at Far-end ; Monotonic Fall at Far-end ;
+----------+--------------+---------------------+---------------------+------------------------------+------------------------------+---------------------+---------------------+--------------------------------------+--------------------------------------+-----------------------------+-----------------------------+----------------------------+----------------------------+-----------------------------+-----------------------------+--------------------+--------------------+-------------------------------------+-------------------------------------+----------------------------+----------------------------+---------------------------+---------------------------+
; clockout ; 2.5 V        ; 0 s                 ; 0 s                 ; 2.75 V                       ; 4.14e-06 V                   ; 2.91 V              ; -0.119 V            ; 0.326 V                              ; 0.298 V                              ; 2.74e-10 s                  ; 2.8e-10 s                   ; No                         ; No                         ; 2.75 V                      ; 4.14e-06 V                  ; 2.91 V             ; -0.119 V           ; 0.326 V                             ; 0.298 V                             ; 2.74e-10 s                 ; 2.8e-10 s                  ; No                        ; No                        ;
; dout     ; 2.5 V        ; 0 s                 ; 0 s                 ; 2.75 V                       ; 4.25e-06 V                   ; 2.9 V               ; -0.107 V            ; 0.378 V                              ; 0.16 V                               ; 2.87e-10 s                  ; 4.28e-10 s                  ; No                         ; No                         ; 2.75 V                      ; 4.25e-06 V                  ; 2.9 V              ; -0.107 V           ; 0.378 V                             ; 0.16 V                              ; 2.87e-10 s                 ; 4.28e-10 s                 ; No                        ; No                        ;
; ce       ; 2.5 V        ; 0 s                 ; 0 s                 ; 2.75 V                       ; 4.14e-06 V                   ; 2.91 V              ; -0.119 V            ; 0.326 V                              ; 0.298 V                              ; 2.74e-10 s                  ; 2.8e-10 s                   ; No                         ; No                         ; 2.75 V                      ; 4.14e-06 V                  ; 2.91 V             ; -0.119 V           ; 0.326 V                             ; 0.298 V                             ; 2.74e-10 s                 ; 2.8e-10 s                  ; No                        ; No                        ;
; done     ; 2.5 V        ; 0 s                 ; 0 s                 ; 2.75 V                       ; 4.14e-06 V                   ; 2.91 V              ; -0.121 V            ; 0.326 V                              ; 0.297 V                              ; 2.74e-10 s                  ; 2.8e-10 s                   ; No                         ; No                         ; 2.75 V                      ; 4.14e-06 V                  ; 2.91 V             ; -0.121 V           ; 0.326 V                             ; 0.297 V                             ; 2.74e-10 s                 ; 2.8e-10 s                  ; No                        ; No                        ;
+----------+--------------+---------------------+---------------------+------------------------------+------------------------------+---------------------+---------------------+--------------------------------------+--------------------------------------+-----------------------------+-----------------------------+----------------------------+----------------------------+-----------------------------+-----------------------------+--------------------+--------------------+-------------------------------------+-------------------------------------+----------------------------+----------------------------+---------------------------+---------------------------+


+---------------------------------------------------------------------------------------------------------------------------------------------------------------------------------------------------------------------------------------------------------------------------------------------------------------------------------------------------------------------------------------------------------------------------------------------------------------------------------------------------------------------------------------------------------------------------------------------------------------------------------------------------------------------------------------+
; Signal Integrity Metrics (Fast 1100mv 85c Model)                                                                                                                                                                                                                                                                                                                                                                                                                                                                                                                                                                                                                                      ;
+----------+--------------+---------------------+---------------------+------------------------------+------------------------------+---------------------+---------------------+--------------------------------------+--------------------------------------+-----------------------------+-----------------------------+----------------------------+----------------------------+-----------------------------+-----------------------------+--------------------+--------------------+-------------------------------------+-------------------------------------+----------------------------+----------------------------+---------------------------+---------------------------+
; Pin      ; I/O Standard ; Board Delay on Rise ; Board Delay on Fall ; Steady State Voh at FPGA Pin ; Steady State Vol at FPGA Pin ; Voh Max at FPGA Pin ; Vol Min at FPGA Pin ; Ringback Voltage on Rise at FPGA Pin ; Ringback Voltage on Fall at FPGA Pin ; 10-90 Rise Time at FPGA Pin ; 90-10 Fall Time at FPGA Pin ; Monotonic Rise at FPGA Pin ; Monotonic Fall at FPGA Pin ; Steady State Voh at Far-end ; Steady State Vol at Far-end ; Voh Max at Far-end ; Vol Min at Far-end ; Ringback Voltage on Rise at Far-end ; Ringback Voltage on Fall at Far-end ; 10-90 Rise Time at Far-end ; 90-10 Fall Time at Far-end ; Monotonic Rise at Far-end ; Monotonic Fall at Far-end ;
+----------+--------------+---------------------+---------------------+------------------------------+------------------------------+---------------------+---------------------+--------------------------------------+--------------------------------------+-----------------------------+-----------------------------+----------------------------+----------------------------+-----------------------------+-----------------------------+--------------------+--------------------+-------------------------------------+-------------------------------------+----------------------------+----------------------------+---------------------------+---------------------------+
; clockout ; 2.5 V        ; 0 s                 ; 0 s                 ; 2.75 V                       ; 0.000242 V                   ; 2.86 V              ; -0.0805 V           ; 0.358 V                              ; 0.156 V                              ; 3.01e-10 s                  ; 4.34e-10 s                  ; No                         ; No                         ; 2.75 V                      ; 0.000242 V                  ; 2.86 V             ; -0.0805 V          ; 0.358 V                             ; 0.156 V                             ; 3.01e-10 s                 ; 4.34e-10 s                 ; No                        ; No                        ;
; dout     ; 2.5 V        ; 0 s                 ; 0 s                 ; 2.75 V                       ; 0.000247 V                   ; 2.85 V              ; -0.0711 V           ; 0.204 V                              ; 0.181 V                              ; 4.55e-10 s                  ; 4.49e-10 s                  ; No                         ; No                         ; 2.75 V                      ; 0.000247 V                  ; 2.85 V             ; -0.0711 V          ; 0.204 V                             ; 0.181 V                             ; 4.55e-10 s                 ; 4.49e-10 s                 ; No                        ; No                        ;
; ce       ; 2.5 V        ; 0 s                 ; 0 s                 ; 2.75 V                       ; 0.000242 V                   ; 2.86 V              ; -0.0805 V           ; 0.358 V                              ; 0.156 V                              ; 3.01e-10 s                  ; 4.34e-10 s                  ; No                         ; No                         ; 2.75 V                      ; 0.000242 V                  ; 2.86 V             ; -0.0805 V          ; 0.358 V                             ; 0.156 V                             ; 3.01e-10 s                 ; 4.34e-10 s                 ; No                        ; No                        ;
; done     ; 2.5 V        ; 0 s                 ; 0 s                 ; 2.75 V                       ; 0.000242 V                   ; 2.86 V              ; -0.0814 V           ; 0.36 V                               ; 0.156 V                              ; 3e-10 s                     ; 4.34e-10 s                  ; No                         ; No                         ; 2.75 V                      ; 0.000242 V                  ; 2.86 V             ; -0.0814 V          ; 0.36 V                              ; 0.156 V                             ; 3e-10 s                    ; 4.34e-10 s                 ; No                        ; No                        ;
+----------+--------------+---------------------+---------------------+------------------------------+------------------------------+---------------------+---------------------+--------------------------------------+--------------------------------------+-----------------------------+-----------------------------+----------------------------+----------------------------+-----------------------------+-----------------------------+--------------------+--------------------+-------------------------------------+-------------------------------------+----------------------------+----------------------------+---------------------------+---------------------------+


+-----------------------------------------------------------------------------+
; Setup Transfers                                                             ;
+----------------+----------------+----------+----------+----------+----------+
; From Clock     ; To Clock       ; RR Paths ; FR Paths ; RF Paths ; FF Paths ;
+----------------+----------------+----------+----------+----------+----------+
; clk            ; clk            ; 2123     ; 0        ; 0        ; 0        ;
; clockbuffer    ; clk            ; 1        ; 1        ; 0        ; 0        ;
; clockbuffer    ; clockbuffer    ; 62       ; 0        ; 0        ; 0        ;
; fsm:fsm1|cs.s4 ; clockbuffer    ; 12       ; 0        ; 0        ; 0        ;
; fsm:fsm1|cs.s4 ; fsm:fsm1|cs.s4 ; 235      ; 0        ; 0        ; 0        ;
+----------------+----------------+----------+----------+----------+----------+
Entries labeled "false path" only account for clock-to-clock false paths and not path-based false paths. As a result, actual path counts may be lower than reported.


+-----------------------------------------------------------------------------+
; Hold Transfers                                                              ;
+----------------+----------------+----------+----------+----------+----------+
; From Clock     ; To Clock       ; RR Paths ; FR Paths ; RF Paths ; FF Paths ;
+----------------+----------------+----------+----------+----------+----------+
; clk            ; clk            ; 2123     ; 0        ; 0        ; 0        ;
; clockbuffer    ; clk            ; 1        ; 1        ; 0        ; 0        ;
; clockbuffer    ; clockbuffer    ; 62       ; 0        ; 0        ; 0        ;
; fsm:fsm1|cs.s4 ; clockbuffer    ; 12       ; 0        ; 0        ; 0        ;
; fsm:fsm1|cs.s4 ; fsm:fsm1|cs.s4 ; 235      ; 0        ; 0        ; 0        ;
+----------------+----------------+----------+----------+----------+----------+
Entries labeled "false path" only account for clock-to-clock false paths and not path-based false paths. As a result, actual path counts may be lower than reported.


+--------------------------------------------------------------------------+
; Recovery Transfers                                                       ;
+----------------+-------------+----------+----------+----------+----------+
; From Clock     ; To Clock    ; RR Paths ; FR Paths ; RF Paths ; FF Paths ;
+----------------+-------------+----------+----------+----------+----------+
; fsm:fsm1|cs.s4 ; clockbuffer ; 11       ; 11       ; 0        ; 0        ;
+----------------+-------------+----------+----------+----------+----------+
Entries labeled "false path" only account for clock-to-clock false paths and not path-based false paths. As a result, actual path counts may be lower than reported.


+--------------------------------------------------------------------------+
; Removal Transfers                                                        ;
+----------------+-------------+----------+----------+----------+----------+
; From Clock     ; To Clock    ; RR Paths ; FR Paths ; RF Paths ; FF Paths ;
+----------------+-------------+----------+----------+----------+----------+
; fsm:fsm1|cs.s4 ; clockbuffer ; 11       ; 11       ; 0        ; 0        ;
+----------------+-------------+----------+----------+----------+----------+
Entries labeled "false path" only account for clock-to-clock false paths and not path-based false paths. As a result, actual path counts may be lower than reported.


---------------
; Report TCCS ;
---------------
No dedicated SERDES Transmitter circuitry present in device or used in design


---------------
; Report RSKM ;
---------------
No non-DPA dedicated SERDES Receiver circuitry present in device or used in design


+------------------------------------------------+
; Unconstrained Paths Summary                    ;
+---------------------------------+-------+------+
; Property                        ; Setup ; Hold ;
+---------------------------------+-------+------+
; Illegal Clocks                  ; 0     ; 0    ;
; Unconstrained Clocks            ; 0     ; 0    ;
; Unconstrained Input Ports       ; 64    ; 64   ;
; Unconstrained Input Port Paths  ; 64    ; 64   ;
; Unconstrained Output Ports      ; 4     ; 4    ;
; Unconstrained Output Port Paths ; 5     ; 5    ;
+---------------------------------+-------+------+


+------------------------------------------------------+
; Clock Status Summary                                 ;
+----------------+----------------+------+-------------+
; Target         ; Clock          ; Type ; Status      ;
+----------------+----------------+------+-------------+
; clk            ; clk            ; Base ; Constrained ;
; clockbuffer    ; clockbuffer    ; Base ; Constrained ;
; fsm:fsm1|cs.s4 ; fsm:fsm1|cs.s4 ; Base ; Constrained ;
+----------------+----------------+------+-------------+


+---------------------------------------------------------------------------------------------------+
; Unconstrained Input Ports                                                                         ;
+------------+--------------------------------------------------------------------------------------+
; Input Port ; Comment                                                                              ;
+------------+--------------------------------------------------------------------------------------+
; r1[0]      ; No input delay, min/max delays, false-path exceptions, or max skew assignments found ;
; r1[1]      ; No input delay, min/max delays, false-path exceptions, or max skew assignments found ;
; r1[2]      ; No input delay, min/max delays, false-path exceptions, or max skew assignments found ;
; r1[3]      ; No input delay, min/max delays, false-path exceptions, or max skew assignments found ;
; r1[4]      ; No input delay, min/max delays, false-path exceptions, or max skew assignments found ;
; r1[5]      ; No input delay, min/max delays, false-path exceptions, or max skew assignments found ;
; r1[6]      ; No input delay, min/max delays, false-path exceptions, or max skew assignments found ;
; r1[7]      ; No input delay, min/max delays, false-path exceptions, or max skew assignments found ;
; r2[0]      ; No input delay, min/max delays, false-path exceptions, or max skew assignments found ;
; r2[1]      ; No input delay, min/max delays, false-path exceptions, or max skew assignments found ;
; r2[2]      ; No input delay, min/max delays, false-path exceptions, or max skew assignments found ;
; r2[3]      ; No input delay, min/max delays, false-path exceptions, or max skew assignments found ;
; r2[4]      ; No input delay, min/max delays, false-path exceptions, or max skew assignments found ;
; r2[5]      ; No input delay, min/max delays, false-path exceptions, or max skew assignments found ;
; r2[6]      ; No input delay, min/max delays, false-path exceptions, or max skew assignments found ;
; r2[7]      ; No input delay, min/max delays, false-path exceptions, or max skew assignments found ;
; r3[0]      ; No input delay, min/max delays, false-path exceptions, or max skew assignments found ;
; r3[1]      ; No input delay, min/max delays, false-path exceptions, or max skew assignments found ;
; r3[2]      ; No input delay, min/max delays, false-path exceptions, or max skew assignments found ;
; r3[3]      ; No input delay, min/max delays, false-path exceptions, or max skew assignments found ;
; r3[4]      ; No input delay, min/max delays, false-path exceptions, or max skew assignments found ;
; r3[5]      ; No input delay, min/max delays, false-path exceptions, or max skew assignments found ;
; r3[6]      ; No input delay, min/max delays, false-path exceptions, or max skew assignments found ;
; r3[7]      ; No input delay, min/max delays, false-path exceptions, or max skew assignments found ;
; r4[0]      ; No input delay, min/max delays, false-path exceptions, or max skew assignments found ;
; r4[1]      ; No input delay, min/max delays, false-path exceptions, or max skew assignments found ;
; r4[2]      ; No input delay, min/max delays, false-path exceptions, or max skew assignments found ;
; r4[3]      ; No input delay, min/max delays, false-path exceptions, or max skew assignments found ;
; r4[4]      ; No input delay, min/max delays, false-path exceptions, or max skew assignments found ;
; r4[5]      ; No input delay, min/max delays, false-path exceptions, or max skew assignments found ;
; r4[6]      ; No input delay, min/max delays, false-path exceptions, or max skew assignments found ;
; r4[7]      ; No input delay, min/max delays, false-path exceptions, or max skew assignments found ;
; r5[0]      ; No input delay, min/max delays, false-path exceptions, or max skew assignments found ;
; r5[1]      ; No input delay, min/max delays, false-path exceptions, or max skew assignments found ;
; r5[2]      ; No input delay, min/max delays, false-path exceptions, or max skew assignments found ;
; r5[3]      ; No input delay, min/max delays, false-path exceptions, or max skew assignments found ;
; r5[4]      ; No input delay, min/max delays, false-path exceptions, or max skew assignments found ;
; r5[5]      ; No input delay, min/max delays, false-path exceptions, or max skew assignments found ;
; r5[6]      ; No input delay, min/max delays, false-path exceptions, or max skew assignments found ;
; r5[7]      ; No input delay, min/max delays, false-path exceptions, or max skew assignments found ;
; r6[0]      ; No input delay, min/max delays, false-path exceptions, or max skew assignments found ;
; r6[1]      ; No input delay, min/max delays, false-path exceptions, or max skew assignments found ;
; r6[2]      ; No input delay, min/max delays, false-path exceptions, or max skew assignments found ;
; r6[3]      ; No input delay, min/max delays, false-path exceptions, or max skew assignments found ;
; r6[4]      ; No input delay, min/max delays, false-path exceptions, or max skew assignments found ;
; r6[5]      ; No input delay, min/max delays, false-path exceptions, or max skew assignments found ;
; r6[6]      ; No input delay, min/max delays, false-path exceptions, or max skew assignments found ;
; r6[7]      ; No input delay, min/max delays, false-path exceptions, or max skew assignments found ;
; r7[0]      ; No input delay, min/max delays, false-path exceptions, or max skew assignments found ;
; r7[1]      ; No input delay, min/max delays, false-path exceptions, or max skew assignments found ;
; r7[2]      ; No input delay, min/max delays, false-path exceptions, or max skew assignments found ;
; r7[3]      ; No input delay, min/max delays, false-path exceptions, or max skew assignments found ;
; r7[4]      ; No input delay, min/max delays, false-path exceptions, or max skew assignments found ;
; r7[5]      ; No input delay, min/max delays, false-path exceptions, or max skew assignments found ;
; r7[6]      ; No input delay, min/max delays, false-path exceptions, or max skew assignments found ;
; r7[7]      ; No input delay, min/max delays, false-path exceptions, or max skew assignments found ;
; r8[0]      ; No input delay, min/max delays, false-path exceptions, or max skew assignments found ;
; r8[1]      ; No input delay, min/max delays, false-path exceptions, or max skew assignments found ;
; r8[2]      ; No input delay, min/max delays, false-path exceptions, or max skew assignments found ;
; r8[3]      ; No input delay, min/max delays, false-path exceptions, or max skew assignments found ;
; r8[4]      ; No input delay, min/max delays, false-path exceptions, or max skew assignments found ;
; r8[5]      ; No input delay, min/max delays, false-path exceptions, or max skew assignments found ;
; r8[6]      ; No input delay, min/max delays, false-path exceptions, or max skew assignments found ;
; r8[7]      ; No input delay, min/max delays, false-path exceptions, or max skew assignments found ;
+------------+--------------------------------------------------------------------------------------+


+-----------------------------------------------------------------------------------------------------+
; Unconstrained Output Ports                                                                          ;
+-------------+---------------------------------------------------------------------------------------+
; Output Port ; Comment                                                                               ;
+-------------+---------------------------------------------------------------------------------------+
; ce          ; No output delay, min/max delays, false-path exceptions, or max skew assignments found ;
; clockout    ; No output delay, min/max delays, false-path exceptions, or max skew assignments found ;
; done        ; No output delay, min/max delays, false-path exceptions, or max skew assignments found ;
; dout        ; No output delay, min/max delays, false-path exceptions, or max skew assignments found ;
+-------------+---------------------------------------------------------------------------------------+


+---------------------------------------------------------------------------------------------------+
; Unconstrained Input Ports                                                                         ;
+------------+--------------------------------------------------------------------------------------+
; Input Port ; Comment                                                                              ;
+------------+--------------------------------------------------------------------------------------+
; r1[0]      ; No input delay, min/max delays, false-path exceptions, or max skew assignments found ;
; r1[1]      ; No input delay, min/max delays, false-path exceptions, or max skew assignments found ;
; r1[2]      ; No input delay, min/max delays, false-path exceptions, or max skew assignments found ;
; r1[3]      ; No input delay, min/max delays, false-path exceptions, or max skew assignments found ;
; r1[4]      ; No input delay, min/max delays, false-path exceptions, or max skew assignments found ;
; r1[5]      ; No input delay, min/max delays, false-path exceptions, or max skew assignments found ;
; r1[6]      ; No input delay, min/max delays, false-path exceptions, or max skew assignments found ;
; r1[7]      ; No input delay, min/max delays, false-path exceptions, or max skew assignments found ;
; r2[0]      ; No input delay, min/max delays, false-path exceptions, or max skew assignments found ;
; r2[1]      ; No input delay, min/max delays, false-path exceptions, or max skew assignments found ;
; r2[2]      ; No input delay, min/max delays, false-path exceptions, or max skew assignments found ;
; r2[3]      ; No input delay, min/max delays, false-path exceptions, or max skew assignments found ;
; r2[4]      ; No input delay, min/max delays, false-path exceptions, or max skew assignments found ;
; r2[5]      ; No input delay, min/max delays, false-path exceptions, or max skew assignments found ;
; r2[6]      ; No input delay, min/max delays, false-path exceptions, or max skew assignments found ;
; r2[7]      ; No input delay, min/max delays, false-path exceptions, or max skew assignments found ;
; r3[0]      ; No input delay, min/max delays, false-path exceptions, or max skew assignments found ;
; r3[1]      ; No input delay, min/max delays, false-path exceptions, or max skew assignments found ;
; r3[2]      ; No input delay, min/max delays, false-path exceptions, or max skew assignments found ;
; r3[3]      ; No input delay, min/max delays, false-path exceptions, or max skew assignments found ;
; r3[4]      ; No input delay, min/max delays, false-path exceptions, or max skew assignments found ;
; r3[5]      ; No input delay, min/max delays, false-path exceptions, or max skew assignments found ;
; r3[6]      ; No input delay, min/max delays, false-path exceptions, or max skew assignments found ;
; r3[7]      ; No input delay, min/max delays, false-path exceptions, or max skew assignments found ;
; r4[0]      ; No input delay, min/max delays, false-path exceptions, or max skew assignments found ;
; r4[1]      ; No input delay, min/max delays, false-path exceptions, or max skew assignments found ;
; r4[2]      ; No input delay, min/max delays, false-path exceptions, or max skew assignments found ;
; r4[3]      ; No input delay, min/max delays, false-path exceptions, or max skew assignments found ;
; r4[4]      ; No input delay, min/max delays, false-path exceptions, or max skew assignments found ;
; r4[5]      ; No input delay, min/max delays, false-path exceptions, or max skew assignments found ;
; r4[6]      ; No input delay, min/max delays, false-path exceptions, or max skew assignments found ;
; r4[7]      ; No input delay, min/max delays, false-path exceptions, or max skew assignments found ;
; r5[0]      ; No input delay, min/max delays, false-path exceptions, or max skew assignments found ;
; r5[1]      ; No input delay, min/max delays, false-path exceptions, or max skew assignments found ;
; r5[2]      ; No input delay, min/max delays, false-path exceptions, or max skew assignments found ;
; r5[3]      ; No input delay, min/max delays, false-path exceptions, or max skew assignments found ;
; r5[4]      ; No input delay, min/max delays, false-path exceptions, or max skew assignments found ;
; r5[5]      ; No input delay, min/max delays, false-path exceptions, or max skew assignments found ;
; r5[6]      ; No input delay, min/max delays, false-path exceptions, or max skew assignments found ;
; r5[7]      ; No input delay, min/max delays, false-path exceptions, or max skew assignments found ;
; r6[0]      ; No input delay, min/max delays, false-path exceptions, or max skew assignments found ;
; r6[1]      ; No input delay, min/max delays, false-path exceptions, or max skew assignments found ;
; r6[2]      ; No input delay, min/max delays, false-path exceptions, or max skew assignments found ;
; r6[3]      ; No input delay, min/max delays, false-path exceptions, or max skew assignments found ;
; r6[4]      ; No input delay, min/max delays, false-path exceptions, or max skew assignments found ;
; r6[5]      ; No input delay, min/max delays, false-path exceptions, or max skew assignments found ;
; r6[6]      ; No input delay, min/max delays, false-path exceptions, or max skew assignments found ;
; r6[7]      ; No input delay, min/max delays, false-path exceptions, or max skew assignments found ;
; r7[0]      ; No input delay, min/max delays, false-path exceptions, or max skew assignments found ;
; r7[1]      ; No input delay, min/max delays, false-path exceptions, or max skew assignments found ;
; r7[2]      ; No input delay, min/max delays, false-path exceptions, or max skew assignments found ;
; r7[3]      ; No input delay, min/max delays, false-path exceptions, or max skew assignments found ;
; r7[4]      ; No input delay, min/max delays, false-path exceptions, or max skew assignments found ;
; r7[5]      ; No input delay, min/max delays, false-path exceptions, or max skew assignments found ;
; r7[6]      ; No input delay, min/max delays, false-path exceptions, or max skew assignments found ;
; r7[7]      ; No input delay, min/max delays, false-path exceptions, or max skew assignments found ;
; r8[0]      ; No input delay, min/max delays, false-path exceptions, or max skew assignments found ;
; r8[1]      ; No input delay, min/max delays, false-path exceptions, or max skew assignments found ;
; r8[2]      ; No input delay, min/max delays, false-path exceptions, or max skew assignments found ;
; r8[3]      ; No input delay, min/max delays, false-path exceptions, or max skew assignments found ;
; r8[4]      ; No input delay, min/max delays, false-path exceptions, or max skew assignments found ;
; r8[5]      ; No input delay, min/max delays, false-path exceptions, or max skew assignments found ;
; r8[6]      ; No input delay, min/max delays, false-path exceptions, or max skew assignments found ;
; r8[7]      ; No input delay, min/max delays, false-path exceptions, or max skew assignments found ;
+------------+--------------------------------------------------------------------------------------+


+-----------------------------------------------------------------------------------------------------+
; Unconstrained Output Ports                                                                          ;
+-------------+---------------------------------------------------------------------------------------+
; Output Port ; Comment                                                                               ;
+-------------+---------------------------------------------------------------------------------------+
; ce          ; No output delay, min/max delays, false-path exceptions, or max skew assignments found ;
; clockout    ; No output delay, min/max delays, false-path exceptions, or max skew assignments found ;
; done        ; No output delay, min/max delays, false-path exceptions, or max skew assignments found ;
; dout        ; No output delay, min/max delays, false-path exceptions, or max skew assignments found ;
+-------------+---------------------------------------------------------------------------------------+


+--------------------------+
; Timing Analyzer Messages ;
+--------------------------+
Info: *******************************************************************
Info: Running Quartus Prime Timing Analyzer
    Info: Version 18.1.0 Build 625 09/12/2018 SJ Standard Edition
    Info: Processing started: Thu May 20 16:10:56 2021
Info: Command: quartus_sta ledmatrixcontroller -c ledmatrixcontroller
Info: qsta_default_script.tcl version: #1
Warning (18236): Number of processors has not been specified which may cause overloading on shared machines.  Set the global assignment NUM_PARALLEL_PROCESSORS in your QSF to an appropriate value for best performance.
Info (20030): Parallel compilation is enabled and will use 2 of the 2 processors detected
Info (21077): Low junction temperature is 0 degrees C
Info (21077): High junction temperature is 85 degrees C
Critical Warning (332012): Synopsys Design Constraints File file not found: 'ledmatrixcontroller.sdc'. A Synopsys Design Constraints File is required by the Timing Analyzer to get proper timing constraints. Without it, the Compiler will not properly optimize the design.
Info (332142): No user constrained base clocks found in the design. Calling "derive_clocks -period 1.0"
Info (332105): Deriving Clocks
    Info (332105): create_clock -period 1.000 -name clk clk
    Info (332105): create_clock -period 1.000 -name clockbuffer clockbuffer
    Info (332105): create_clock -period 1.000 -name fsm:fsm1|cs.s4 fsm:fsm1|cs.s4
Info (332143): No user constrained clock uncertainty found in the design. Calling "derive_clock_uncertainty"
Info (332123): Deriving Clock Uncertainty. Please refer to report_sdc in the Timing Analyzer to see clock uncertainties.
Info: Found TIMING_ANALYZER_REPORT_SCRIPT_INCLUDE_DEFAULT_ANALYSIS = ON
Info: Analyzing Slow 1100mV 85C Model
Critical Warning (332148): Timing requirements not met
    Info (11105): For recommendations on closing timing, run Report Timing Closure Recommendations in the Timing Analyzer.
Info (332146): Worst-case setup slack is -5.133
    Info (332119):     Slack       End Point TNS Clock 
    Info (332119): ========= =================== =====================
    Info (332119):    -5.133            -110.188 clk 
    Info (332119):    -2.073             -30.591 fsm:fsm1|cs.s4 
    Info (332119):    -1.405             -32.004 clockbuffer 
Info (332146): Worst-case hold slack is 0.174
    Info (332119):     Slack       End Point TNS Clock 
    Info (332119): ========= =================== =====================
    Info (332119):     0.174               0.000 clockbuffer 
    Info (332119):     0.400               0.000 clk 
    Info (332119):     0.540               0.000 fsm:fsm1|cs.s4 
Info (332146): Worst-case recovery slack is -1.442
    Info (332119):     Slack       End Point TNS Clock 
    Info (332119): ========= =================== =====================
    Info (332119):    -1.442             -15.832 clockbuffer 
Info (332146): Worst-case removal slack is 0.579
    Info (332119):     Slack       End Point TNS Clock 
    Info (332119): ========= =================== =====================
    Info (332119):     0.579               0.000 clockbuffer 
Info (332146): Worst-case minimum pulse width slack is -0.394
    Info (332119):     Slack       End Point TNS Clock 
    Info (332119): ========= =================== =====================
    Info (332119):    -0.394             -22.641 clk 
    Info (332119):    -0.394             -14.511 clockbuffer 
    Info (332119):    -0.394              -9.953 fsm:fsm1|cs.s4 
Info: Analyzing Slow 1100mV 0C Model
Info (334003): Started post-fitting delay annotation
Info (334004): Delay annotation completed successfully
Info (332123): Deriving Clock Uncertainty. Please refer to report_sdc in the Timing Analyzer to see clock uncertainties.
Critical Warning (332148): Timing requirements not met
    Info (11105): For recommendations on closing timing, run Report Timing Closure Recommendations in the Timing Analyzer.
Info (332146): Worst-case setup slack is -5.285
    Info (332119):     Slack       End Point TNS Clock 
    Info (332119): ========= =================== =====================
    Info (332119):    -5.285            -109.532 clk 
    Info (332119):    -1.988             -29.744 fsm:fsm1|cs.s4 
    Info (332119):    -1.391             -31.331 clockbuffer 
Info (332146): Worst-case hold slack is 0.152
    Info (332119):     Slack       End Point TNS Clock 
    Info (332119): ========= =================== =====================
    Info (332119):     0.152               0.000 clockbuffer 
    Info (332119):     0.393               0.000 clk 
    Info (332119):     0.519               0.000 fsm:fsm1|cs.s4 
Info (332146): Worst-case recovery slack is -1.422
    Info (332119):     Slack       End Point TNS Clock 
    Info (332119): ========= =================== =====================
    Info (332119):    -1.422             -15.610 clockbuffer 
Info (332146): Worst-case removal slack is 0.525
    Info (332119):     Slack       End Point TNS Clock 
    Info (332119): ========= =================== =====================
    Info (332119):     0.525               0.000 clockbuffer 
Info (332146): Worst-case minimum pulse width slack is -0.394
    Info (332119):     Slack       End Point TNS Clock 
    Info (332119): ========= =================== =====================
    Info (332119):    -0.394             -25.427 clk 
    Info (332119):    -0.394             -14.863 clockbuffer 
    Info (332119):    -0.394              -9.935 fsm:fsm1|cs.s4 
Info: Analyzing Fast 1100mV 85C Model
Info (334003): Started post-fitting delay annotation
Info (334004): Delay annotation completed successfully
Info (332123): Deriving Clock Uncertainty. Please refer to report_sdc in the Timing Analyzer to see clock uncertainties.
Critical Warning (332148): Timing requirements not met
    Info (11105): For recommendations on closing timing, run Report Timing Closure Recommendations in the Timing Analyzer.
Info (332146): Worst-case setup slack is -2.706
    Info (332119):     Slack       End Point TNS Clock 
    Info (332119): ========= =================== =====================
    Info (332119):    -2.706             -46.626 clk 
    Info (332119):    -0.910             -12.612 fsm:fsm1|cs.s4 
    Info (332119):    -0.735             -13.914 clockbuffer 
Info (332146): Worst-case hold slack is -0.087
    Info (332119):     Slack       End Point TNS Clock 
    Info (332119): ========= =================== =====================
    Info (332119):    -0.087              -0.303 clockbuffer 
    Info (332119):     0.212               0.000 clk 
    Info (332119):     0.274               0.000 fsm:fsm1|cs.s4 
Info (332146): Worst-case recovery slack is -0.992
    Info (332119):     Slack       End Point TNS Clock 
    Info (332119): ========= =================== =====================
    Info (332119):    -0.992             -10.898 clockbuffer 
Info (332146): Worst-case removal slack is 0.225
    Info (332119):     Slack       End Point TNS Clock 
    Info (332119): ========= =================== =====================
    Info (332119):     0.225               0.000 clockbuffer 
Info (332146): Worst-case minimum pulse width slack is -0.277
    Info (332119):     Slack       End Point TNS Clock 
    Info (332119): ========= =================== =====================
    Info (332119):    -0.277              -3.027 clk 
    Info (332119):    -0.009              -0.030 clockbuffer 
    Info (332119):     0.045               0.000 fsm:fsm1|cs.s4 
Info: Analyzing Fast 1100mV 0C Model
Info (332123): Deriving Clock Uncertainty. Please refer to report_sdc in the Timing Analyzer to see clock uncertainties.
Critical Warning (332148): Timing requirements not met
    Info (11105): For recommendations on closing timing, run Report Timing Closure Recommendations in the Timing Analyzer.
Info (332146): Worst-case setup slack is -2.523
    Info (332119):     Slack       End Point TNS Clock 
    Info (332119): ========= =================== =====================
    Info (332119):    -2.523             -40.828 clk 
    Info (332119):    -0.774             -10.729 fsm:fsm1|cs.s4 
    Info (332119):    -0.601             -11.358 clockbuffer 
Info (332146): Worst-case hold slack is -0.125
    Info (332119):     Slack       End Point TNS Clock 
    Info (332119): ========= =================== =====================
    Info (332119):    -0.125              -0.492 clockbuffer 
    Info (332119):     0.196               0.000 clk 
    Info (332119):     0.245               0.000 fsm:fsm1|cs.s4 
Info (332146): Worst-case recovery slack is -0.879
    Info (332119):     Slack       End Point TNS Clock 
    Info (332119): ========= =================== =====================
    Info (332119):    -0.879              -9.655 clockbuffer 
Info (332146): Worst-case removal slack is 0.147
    Info (332119):     Slack       End Point TNS Clock 
    Info (332119): ========= =================== =====================
    Info (332119):     0.147               0.000 clockbuffer 
Info (332146): Worst-case minimum pulse width slack is -0.279
    Info (332119):     Slack       End Point TNS Clock 
    Info (332119): ========= =================== =====================
    Info (332119):    -0.279              -3.283 clk 
    Info (332119):     0.026               0.000 clockbuffer 
    Info (332119):     0.069               0.000 fsm:fsm1|cs.s4 
Info (332102): Design is not fully constrained for setup requirements
Info (332102): Design is not fully constrained for hold requirements
Info: Quartus Prime Timing Analyzer was successful. 0 errors, 6 warnings
    Info: Peak virtual memory: 5080 megabytes
    Info: Processing ended: Thu May 20 16:11:17 2021
    Info: Elapsed time: 00:00:21
    Info: Total CPU time (on all processors): 00:00:10


