Analysis & Synthesis report for max17
Tue May 11 16:10:29 2021
Quartus Prime Version 18.1.0 Build 625 09/12/2018 SJ Standard Edition


---------------------
; Table of Contents ;
---------------------
  1. Legal Notice
  2. Analysis & Synthesis Summary
  3. Analysis & Synthesis Settings
  4. Parallel Compilation
  5. Analysis & Synthesis Source Files Read
  6. Analysis & Synthesis Resource Usage Summary
  7. Analysis & Synthesis Resource Utilization by Entity
  8. State Machine - |de0nano_adc|state
  9. Registers Removed During Synthesis
 10. Removed Registers Triggering Further Register Optimizations
 11. General Register Statistics
 12. Inverted Register Statistics
 13. Multiplexer Restructuring Statistics (Restructuring Performed)
 14. Parameter Settings for User Entity Instance: spi_master:spi_driver
 15. Port Connectivity Checks: "spi_master:spi_driver"
 16. Post-Synthesis Netlist Statistics for Top Partition
 17. Elapsed Time Per Partition
 18. Analysis & Synthesis Messages



----------------
; Legal Notice ;
----------------
Copyright (C) 2018  Intel Corporation. All rights reserved.
Your use of Intel Corporation's design tools, logic functions 
and other software and tools, and its AMPP partner logic 
functions, and any output files from any of the foregoing 
(including device programming or simulation files), and any 
associated documentation or information are expressly subject 
to the terms and conditions of the Intel Program License 
Subscription Agreement, the Intel Quartus Prime License Agreement,
the Intel FPGA IP License Agreement, or other applicable license
agreement, including, without limitation, that your use is for
the sole purpose of programming logic devices manufactured by
Intel and sold by Intel or its authorized distributors.  Please
refer to the applicable agreement for further details.



+-----------------------------------------------------------------------------------+
; Analysis & Synthesis Summary                                                      ;
+---------------------------------+-------------------------------------------------+
; Analysis & Synthesis Status     ; Successful - Tue May 11 16:10:29 2021           ;
; Quartus Prime Version           ; 18.1.0 Build 625 09/12/2018 SJ Standard Edition ;
; Revision Name                   ; max17                                           ;
; Top-level Entity Name           ; de0nano_adc                                     ;
; Family                          ; Cyclone V                                       ;
; Logic utilization (in ALMs)     ; N/A                                             ;
; Total registers                 ; 108                                             ;
; Total pins                      ; 43                                              ;
; Total virtual pins              ; 0                                               ;
; Total block memory bits         ; 0                                               ;
; Total DSP Blocks                ; 0                                               ;
; Total HSSI RX PCSs              ; 0                                               ;
; Total HSSI PMA RX Deserializers ; 0                                               ;
; Total HSSI TX PCSs              ; 0                                               ;
; Total HSSI PMA TX Serializers   ; 0                                               ;
; Total PLLs                      ; 0                                               ;
; Total DLLs                      ; 0                                               ;
+---------------------------------+-------------------------------------------------+


+---------------------------------------------------------------------------------------------------------------------------+
; Analysis & Synthesis Settings                                                                                             ;
+---------------------------------------------------------------------------------+--------------------+--------------------+
; Option                                                                          ; Setting            ; Default Value      ;
+---------------------------------------------------------------------------------+--------------------+--------------------+
; Device                                                                          ; 5CSEMA4U23C6       ;                    ;
; Top-level entity name                                                           ; de0nano_adc        ; max17              ;
; Family name                                                                     ; Cyclone V          ; Cyclone V          ;
; Use smart compilation                                                           ; Off                ; Off                ;
; Enable parallel Assembler and Timing Analyzer during compilation                ; On                 ; On                 ;
; Enable compact report table                                                     ; Off                ; Off                ;
; Restructure Multiplexers                                                        ; Auto               ; Auto               ;
; MLAB Add Timing Constraints For Mixed-Port Feed-Through Mode Setting Don't Care ; Off                ; Off                ;
; Create Debugging Nodes for IP Cores                                             ; Off                ; Off                ;
; Preserve fewer node names                                                       ; On                 ; On                 ;
; Intel FPGA IP Evaluation Mode                                                   ; Enable             ; Enable             ;
; Verilog Version                                                                 ; Verilog_2001       ; Verilog_2001       ;
; VHDL Version                                                                    ; VHDL_1993          ; VHDL_1993          ;
; State Machine Processing                                                        ; Auto               ; Auto               ;
; Safe State Machine                                                              ; Off                ; Off                ;
; Extract Verilog State Machines                                                  ; On                 ; On                 ;
; Extract VHDL State Machines                                                     ; On                 ; On                 ;
; Ignore Verilog initial constructs                                               ; Off                ; Off                ;
; Iteration limit for constant Verilog loops                                      ; 5000               ; 5000               ;
; Iteration limit for non-constant Verilog loops                                  ; 250                ; 250                ;
; Add Pass-Through Logic to Inferred RAMs                                         ; On                 ; On                 ;
; Infer RAMs from Raw Logic                                                       ; On                 ; On                 ;
; Parallel Synthesis                                                              ; On                 ; On                 ;
; DSP Block Balancing                                                             ; Auto               ; Auto               ;
; NOT Gate Push-Back                                                              ; On                 ; On                 ;
; Power-Up Don't Care                                                             ; On                 ; On                 ;
; Remove Redundant Logic Cells                                                    ; Off                ; Off                ;
; Remove Duplicate Registers                                                      ; On                 ; On                 ;
; Ignore CARRY Buffers                                                            ; Off                ; Off                ;
; Ignore CASCADE Buffers                                                          ; Off                ; Off                ;
; Ignore GLOBAL Buffers                                                           ; Off                ; Off                ;
; Ignore ROW GLOBAL Buffers                                                       ; Off                ; Off                ;
; Ignore LCELL Buffers                                                            ; Off                ; Off                ;
; Ignore SOFT Buffers                                                             ; On                 ; On                 ;
; Limit AHDL Integers to 32 Bits                                                  ; Off                ; Off                ;
; Optimization Technique                                                          ; Balanced           ; Balanced           ;
; Carry Chain Length                                                              ; 70                 ; 70                 ;
; Auto Carry Chains                                                               ; On                 ; On                 ;
; Auto Open-Drain Pins                                                            ; On                 ; On                 ;
; Perform WYSIWYG Primitive Resynthesis                                           ; Off                ; Off                ;
; Auto ROM Replacement                                                            ; On                 ; On                 ;
; Auto RAM Replacement                                                            ; On                 ; On                 ;
; Auto DSP Block Replacement                                                      ; On                 ; On                 ;
; Auto Shift Register Replacement                                                 ; Auto               ; Auto               ;
; Allow Shift Register Merging across Hierarchies                                 ; Auto               ; Auto               ;
; Auto Clock Enable Replacement                                                   ; On                 ; On                 ;
; Strict RAM Replacement                                                          ; Off                ; Off                ;
; Allow Synchronous Control Signals                                               ; On                 ; On                 ;
; Force Use of Synchronous Clear Signals                                          ; Off                ; Off                ;
; Auto Resource Sharing                                                           ; Off                ; Off                ;
; Allow Any RAM Size For Recognition                                              ; Off                ; Off                ;
; Allow Any ROM Size For Recognition                                              ; Off                ; Off                ;
; Allow Any Shift Register Size For Recognition                                   ; Off                ; Off                ;
; Use LogicLock Constraints during Resource Balancing                             ; On                 ; On                 ;
; Ignore translate_off and synthesis_off directives                               ; Off                ; Off                ;
; Timing-Driven Synthesis                                                         ; On                 ; On                 ;
; Report Parameter Settings                                                       ; On                 ; On                 ;
; Report Source Assignments                                                       ; On                 ; On                 ;
; Report Connectivity Checks                                                      ; On                 ; On                 ;
; Ignore Maximum Fan-Out Assignments                                              ; Off                ; Off                ;
; Synchronization Register Chain Length                                           ; 3                  ; 3                  ;
; Power Optimization During Synthesis                                             ; Normal compilation ; Normal compilation ;
; HDL message level                                                               ; Level2             ; Level2             ;
; Suppress Register Optimization Related Messages                                 ; Off                ; Off                ;
; Number of Removed Registers Reported in Synthesis Report                        ; 5000               ; 5000               ;
; Number of Swept Nodes Reported in Synthesis Report                              ; 5000               ; 5000               ;
; Number of Inverted Registers Reported in Synthesis Report                       ; 100                ; 100                ;
; Clock MUX Protection                                                            ; On                 ; On                 ;
; Auto Gated Clock Conversion                                                     ; Off                ; Off                ;
; Block Design Naming                                                             ; Auto               ; Auto               ;
; SDC constraint protection                                                       ; Off                ; Off                ;
; Synthesis Effort                                                                ; Auto               ; Auto               ;
; Shift Register Replacement - Allow Asynchronous Clear Signal                    ; On                 ; On                 ;
; Pre-Mapping Resynthesis Optimization                                            ; Off                ; Off                ;
; Analysis & Synthesis Message Level                                              ; Medium             ; Medium             ;
; Disable Register Merging Across Hierarchies                                     ; Auto               ; Auto               ;
; Resource Aware Inference For Block RAM                                          ; On                 ; On                 ;
; Automatic Parallel Synthesis                                                    ; On                 ; On                 ;
; Partial Reconfiguration Bitstream ID                                            ; Off                ; Off                ;
+---------------------------------------------------------------------------------+--------------------+--------------------+


+------------------------------------------+
; Parallel Compilation                     ;
+----------------------------+-------------+
; Processors                 ; Number      ;
+----------------------------+-------------+
; Number detected on machine ; 4           ;
; Maximum allowed            ; 2           ;
;                            ;             ;
; Average used               ; 1.00        ;
; Maximum used               ; 2           ;
;                            ;             ;
; Usage by Processor         ; % Time Used ;
;     Processor 1            ; 100.0%      ;
;     Processor 2            ;   0.0%      ;
+----------------------------+-------------+


+-----------------------------------------------------------------------------------------------------------------------------------------------------------------------------------------------+
; Analysis & Synthesis Source Files Read                                                                                                                                                        ;
+----------------------------------------------------------------+-----------------+-----------------+--------------------------------------------------------------------------------+---------+
; File Name with User-Entered Path                               ; Used in Netlist ; File Type       ; File Name with Absolute Path                                                   ; Library ;
+----------------------------------------------------------------+-----------------+-----------------+--------------------------------------------------------------------------------+---------+
; ../../DE0Nano_VHDL-master/src/ADC_LEDMatrix/utils/types.vhdl   ; yes             ; User VHDL File  ; C:/Users/Semi/Desktop/DE0Nano_VHDL-master/src/ADC_LEDMatrix/utils/types.vhdl   ;         ;
; ../../DE0Nano_VHDL-master/src/ADC_LEDMatrix/spi_master.vhdl    ; yes             ; User VHDL File  ; C:/Users/Semi/Desktop/DE0Nano_VHDL-master/src/ADC_LEDMatrix/spi_master.vhdl    ;         ;
; ../../DE0Nano_VHDL-master/src/ADC_LEDMatrix/de0nano_adc_a.vhdl ; yes             ; User VHDL File  ; C:/Users/Semi/Desktop/DE0Nano_VHDL-master/src/ADC_LEDMatrix/de0nano_adc_a.vhdl ;         ;
; ../../DE0Nano_VHDL-master/src/ADC_LEDMatrix/de0nano_adc.vhdl   ; yes             ; User VHDL File  ; C:/Users/Semi/Desktop/DE0Nano_VHDL-master/src/ADC_LEDMatrix/de0nano_adc.vhdl   ;         ;
+----------------------------------------------------------------+-----------------+-----------------+--------------------------------------------------------------------------------+---------+


+--------------------------------------------------------------+
; Analysis & Synthesis Resource Usage Summary                  ;
+---------------------------------------------+----------------+
; Resource                                    ; Usage          ;
+---------------------------------------------+----------------+
; Estimate of Logic utilization (ALMs needed) ; 79             ;
;                                             ;                ;
; Combinational ALUT usage for logic          ; 118            ;
;     -- 7 input functions                    ; 1              ;
;     -- 6 input functions                    ; 17             ;
;     -- 5 input functions                    ; 12             ;
;     -- 4 input functions                    ; 12             ;
;     -- <=3 input functions                  ; 76             ;
;                                             ;                ;
; Dedicated logic registers                   ; 108            ;
;                                             ;                ;
; I/O pins                                    ; 43             ;
;                                             ;                ;
; Total DSP Blocks                            ; 0              ;
;                                             ;                ;
; Maximum fan-out node                        ; CLOCK_50~input ;
; Maximum fan-out                             ; 94             ;
; Total fan-out                               ; 833            ;
; Average fan-out                             ; 2.67           ;
+---------------------------------------------+----------------+


+-------------------------------------------------------------------------------------------------------------------------------------------------------------------------------------------------------+
; Analysis & Synthesis Resource Utilization by Entity                                                                                                                                                   ;
+----------------------------+---------------------+---------------------------+-------------------+------------+------+--------------+------------------------------------+-------------+--------------+
; Compilation Hierarchy Node ; Combinational ALUTs ; Dedicated Logic Registers ; Block Memory Bits ; DSP Blocks ; Pins ; Virtual Pins ; Full Hierarchy Name                ; Entity Name ; Library Name ;
+----------------------------+---------------------+---------------------------+-------------------+------------+------+--------------+------------------------------------+-------------+--------------+
; |de0nano_adc               ; 118 (18)            ; 108 (14)                  ; 0                 ; 0          ; 43   ; 0            ; |de0nano_adc                       ; de0nano_adc ; work         ;
;    |spi_master:spi_driver| ; 100 (100)           ; 94 (94)                   ; 0                 ; 0          ; 0    ; 0            ; |de0nano_adc|spi_master:spi_driver ; spi_master  ; work         ;
+----------------------------+---------------------+---------------------------+-------------------+------------+------+--------------+------------------------------------+-------------+--------------+
Note: For table entries with two numbers listed, the numbers in parentheses indicate the number of resources of the given type used by the specific entity alone. The numbers listed outside of parentheses indicate the total resources of the given type used by the specific entity and all of its sub-entities in the hierarchy.


Encoding Type:  One-Hot
+---------------------------------------------------------------------------------------------------------+
; State Machine - |de0nano_adc|state                                                                      ;
+-----------------------+-----------------+--------------------+------------------+-----------------------+
; Name                  ; state.busy~reg0 ; state.execute~reg0 ; state.ready~reg0 ; state.initialize~reg0 ;
+-----------------------+-----------------+--------------------+------------------+-----------------------+
; state.initialize~reg0 ; 0               ; 0                  ; 0                ; 0                     ;
; state.ready~reg0      ; 0               ; 0                  ; 1                ; 1                     ;
; state.execute~reg0    ; 0               ; 1                  ; 0                ; 1                     ;
; state.busy~reg0       ; 1               ; 0                  ; 0                ; 1                     ;
+-----------------------+-----------------+--------------------+------------------+-----------------------+


+----------------------------------------------------------------------------------------------+
; Registers Removed During Synthesis                                                           ;
+---------------------------------------------+------------------------------------------------+
; Register name                               ; Reason for Removal                             ;
+---------------------------------------------+------------------------------------------------+
; spi_master:spi_driver|clk_ratio[1..3,5..30] ; Stuck at GND due to stuck port data_in         ;
; spi_master:spi_driver|last_bit_rx[5]        ; Stuck at GND due to stuck port data_in         ;
; spi_master:spi_driver|clk_ratio[31]         ; Merged with spi_master:spi_driver|clk_ratio[0] ;
; spi_master:spi_driver|slave[0]              ; Merged with spi_master:spi_driver|clk_ratio[0] ;
; spi_master:spi_driver|last_bit_rx[0..4]     ; Merged with spi_master:spi_driver|clk_ratio[4] ;
; spi_master:spi_driver|continue              ; Stuck at GND due to stuck port data_in         ;
; spi_master:spi_driver|clk_ratio[4]          ; Merged with spi_master:spi_driver|clk_ratio[0] ;
; state.busy~reg0                             ; Stuck at GND due to stuck port data_in         ;
; Total Number of Removed Registers = 40      ;                                                ;
+---------------------------------------------+------------------------------------------------+


+----------------------------------------------------------------------------------------------------------+
; Removed Registers Triggering Further Register Optimizations                                              ;
+-------------------------------------+---------------------------+----------------------------------------+
; Register name                       ; Reason for Removal        ; Registers Removed due to This Register ;
+-------------------------------------+---------------------------+----------------------------------------+
; spi_master:spi_driver|clk_ratio[30] ; Stuck at GND              ; spi_master:spi_driver|continue         ;
;                                     ; due to stuck port data_in ;                                        ;
+-------------------------------------+---------------------------+----------------------------------------+


+------------------------------------------------------+
; General Register Statistics                          ;
+----------------------------------------------+-------+
; Statistic                                    ; Value ;
+----------------------------------------------+-------+
; Total registers                              ; 108   ;
; Number of registers using Synchronous Clear  ; 30    ;
; Number of registers using Synchronous Load   ; 15    ;
; Number of registers using Asynchronous Clear ; 20    ;
; Number of registers using Asynchronous Load  ; 0     ;
; Number of registers using Clock Enable       ; 98    ;
; Number of registers using Preset             ; 0     ;
+----------------------------------------------+-------+


+--------------------------------------------------+
; Inverted Register Statistics                     ;
+----------------------------------------+---------+
; Inverted Register                      ; Fan out ;
+----------------------------------------+---------+
; spi_master:spi_driver|busy             ; 1       ;
; spi_master:spi_driver|clk_ratio[0]     ; 6       ;
; spi_master:spi_driver|count[0]         ; 3       ;
; spi_master:spi_driver|count[31]        ; 3       ;
; spi_master:spi_driver|ss_n[0]          ; 3       ;
; Total number of inverted registers = 5 ;         ;
+----------------------------------------+---------+


+-----------------------------------------------------------------------------------------------------------------------------------------------------------------+
; Multiplexer Restructuring Statistics (Restructuring Performed)                                                                                                  ;
+--------------------+-----------+---------------+----------------------+------------------------+------------+---------------------------------------------------+
; Multiplexer Inputs ; Bus Width ; Baseline Area ; Area if Restructured ; Saving if Restructured ; Registered ; Example Multiplexer Output                        ;
+--------------------+-----------+---------------+----------------------+------------------------+------------+---------------------------------------------------+
; 3:1                ; 15 bits   ; 30 LEs        ; 0 LEs                ; 30 LEs                 ; Yes        ; |de0nano_adc|spi_master:spi_driver|tx_buffer[14]  ;
; 4:1                ; 6 bits    ; 12 LEs        ; 12 LEs               ; 0 LEs                  ; Yes        ; |de0nano_adc|spi_master:spi_driver|clk_toggles[5] ;
; 4:1                ; 30 bits   ; 60 LEs        ; 30 LEs               ; 30 LEs                 ; Yes        ; |de0nano_adc|spi_master:spi_driver|count[17]      ;
; 4:1                ; 2 bits    ; 4 LEs         ; 4 LEs                ; 0 LEs                  ; Yes        ; |de0nano_adc|spi_master:spi_driver|count[31]      ;
; 4:1                ; 4 bits    ; 8 LEs         ; 8 LEs                ; 0 LEs                  ; No         ; |de0nano_adc|Selector2                            ;
+--------------------+-----------+---------------+----------------------+------------------------+------------+---------------------------------------------------+


+--------------------------------------------------------------------+
; Parameter Settings for User Entity Instance: spi_master:spi_driver ;
+----------------+-------+-------------------------------------------+
; Parameter Name ; Value ; Type                                      ;
+----------------+-------+-------------------------------------------+
; slaves         ; 1     ; Signed Integer                            ;
; d_width        ; 16    ; Signed Integer                            ;
+----------------+-------+-------------------------------------------+
Note: In order to hide this table in the UI and the text report file, please set the "Show Parameter Settings in Synthesis Report" option in "Analysis and Synthesis Settings -> More Settings" to "Off".


+--------------------------------------------------------------------------------------------------------------------------+
; Port Connectivity Checks: "spi_master:spi_driver"                                                                        ;
+----------------+--------+----------+-------------------------------------------------------------------------------------+
; Port           ; Type   ; Severity ; Details                                                                             ;
+----------------+--------+----------+-------------------------------------------------------------------------------------+
; cpol           ; Input  ; Info     ; Stuck at GND                                                                        ;
; cpha           ; Input  ; Info     ; Stuck at GND                                                                        ;
; cont           ; Input  ; Info     ; Stuck at GND                                                                        ;
; clk_div[31..5] ; Input  ; Info     ; Stuck at GND                                                                        ;
; clk_div[3..0]  ; Input  ; Info     ; Stuck at GND                                                                        ;
; clk_div[4]     ; Input  ; Info     ; Stuck at VCC                                                                        ;
; addr           ; Input  ; Info     ; Stuck at GND                                                                        ;
; ss_n           ; Output ; Info     ; Connected to dangling logic. Logic that only feeds a dangling port will be removed. ;
+----------------+--------+----------+-------------------------------------------------------------------------------------+


+-----------------------------------------------------+
; Post-Synthesis Netlist Statistics for Top Partition ;
+-----------------------+-----------------------------+
; Type                  ; Count                       ;
+-----------------------+-----------------------------+
; arriav_ff             ; 108                         ;
;     CLR               ; 3                           ;
;     ENA               ; 36                          ;
;     ENA CLR           ; 17                          ;
;     ENA SCLR          ; 30                          ;
;     ENA SLD           ; 15                          ;
;     plain             ; 7                           ;
; arriav_io_obuf        ; 1                           ;
; arriav_lcell_comb     ; 120                         ;
;     arith             ; 32                          ;
;         1 data inputs ; 32                          ;
;     extend            ; 1                           ;
;         7 data inputs ; 1                           ;
;     normal            ; 87                          ;
;         0 data inputs ; 1                           ;
;         1 data inputs ; 3                           ;
;         2 data inputs ; 35                          ;
;         3 data inputs ; 7                           ;
;         4 data inputs ; 12                          ;
;         5 data inputs ; 12                          ;
;         6 data inputs ; 17                          ;
; boundary_port         ; 43                          ;
;                       ;                             ;
; Max LUT depth         ; 5.10                        ;
; Average LUT depth     ; 2.56                        ;
+-----------------------+-----------------------------+


+-------------------------------+
; Elapsed Time Per Partition    ;
+----------------+--------------+
; Partition Name ; Elapsed Time ;
+----------------+--------------+
; Top            ; 00:00:01     ;
+----------------+--------------+


+-------------------------------+
; Analysis & Synthesis Messages ;
+-------------------------------+
Info: *******************************************************************
Info: Running Quartus Prime Analysis & Synthesis
    Info: Version 18.1.0 Build 625 09/12/2018 SJ Standard Edition
    Info: Processing started: Tue May 11 16:09:56 2021
Info: Command: quartus_map --read_settings_files=on --write_settings_files=off max17 -c max17
Warning (18236): Number of processors has not been specified which may cause overloading on shared machines.  Set the global assignment NUM_PARALLEL_PROCESSORS in your QSF to an appropriate value for best performance.
Info (20030): Parallel compilation is enabled and will use 2 of the 2 processors detected
Info (12021): Found 1 design units, including 0 entities, in source file /users/semi/desktop/de0nano_vhdl-master/src/adc_ledmatrix/utils/virtual_clock_a.vhdl
    Info (12022): Found design unit 1: virtual_clock-vclock File: C:/Users/Semi/Desktop/DE0Nano_VHDL-master/src/ADC_LEDMatrix/utils/virtual_clock_a.vhdl Line: 2
Info (12021): Found 1 design units, including 1 entities, in source file /users/semi/desktop/de0nano_vhdl-master/src/adc_ledmatrix/utils/virtual_clock.vhdl
    Info (12023): Found entity 1: virtual_clock File: C:/Users/Semi/Desktop/DE0Nano_VHDL-master/src/ADC_LEDMatrix/utils/virtual_clock.vhdl Line: 7
Info (12021): Found 2 design units, including 0 entities, in source file /users/semi/desktop/de0nano_vhdl-master/src/adc_ledmatrix/utils/types.vhdl
    Info (12022): Found design unit 1: machine_state_type (utils) File: C:/Users/Semi/Desktop/DE0Nano_VHDL-master/src/ADC_LEDMatrix/utils/types.vhdl Line: 5
    Info (12022): Found design unit 2: machine_state_type-body File: C:/Users/Semi/Desktop/DE0Nano_VHDL-master/src/ADC_LEDMatrix/utils/types.vhdl Line: 10
Info (12021): Found 1 design units, including 0 entities, in source file /users/semi/desktop/de0nano_vhdl-master/src/adc_ledmatrix/utils/fonts.vhdl
    Info (12022): Found design unit 1: fonts (utils) File: C:/Users/Semi/Desktop/DE0Nano_VHDL-master/src/ADC_LEDMatrix/utils/fonts.vhdl Line: 5
Info (12021): Found 2 design units, including 1 entities, in source file /users/semi/desktop/de0nano_vhdl-master/src/adc_ledmatrix/spi_master.vhdl
    Info (12022): Found design unit 1: spi_master-logic File: C:/Users/Semi/Desktop/DE0Nano_VHDL-master/src/ADC_LEDMatrix/spi_master.vhdl Line: 52
    Info (12023): Found entity 1: spi_master File: C:/Users/Semi/Desktop/DE0Nano_VHDL-master/src/ADC_LEDMatrix/spi_master.vhdl Line: 30
Info (12021): Found 1 design units, including 0 entities, in source file /users/semi/desktop/de0nano_vhdl-master/src/adc_ledmatrix/max7219_a.vhdl
    Info (12022): Found design unit 1: max7219-SPI File: C:/Users/Semi/Desktop/DE0Nano_VHDL-master/src/ADC_LEDMatrix/max7219_a.vhdl Line: 1
Info (12021): Found 1 design units, including 1 entities, in source file /users/semi/desktop/de0nano_vhdl-master/src/adc_ledmatrix/max7219.vhdl
    Info (12023): Found entity 1: max7219 File: C:/Users/Semi/Desktop/DE0Nano_VHDL-master/src/ADC_LEDMatrix/max7219.vhdl Line: 6
Info (12021): Found 1 design units, including 0 entities, in source file /users/semi/desktop/de0nano_vhdl-master/src/adc_ledmatrix/de0nano_adc_a.vhdl
    Info (12022): Found design unit 1: de0nano_adc-main File: C:/Users/Semi/Desktop/DE0Nano_VHDL-master/src/ADC_LEDMatrix/de0nano_adc_a.vhdl Line: 1
Info (12021): Found 1 design units, including 1 entities, in source file /users/semi/desktop/de0nano_vhdl-master/src/adc_ledmatrix/de0nano_adc.vhdl
    Info (12023): Found entity 1: de0nano_adc File: C:/Users/Semi/Desktop/DE0Nano_VHDL-master/src/ADC_LEDMatrix/de0nano_adc.vhdl Line: 7
Info (12021): Found 1 design units, including 0 entities, in source file /users/semi/desktop/de0nano_vhdl-master/src/adc_ledmatrix/adc_ledmatrix_a.vhdl
    Info (12022): Found design unit 1: ADC_LEDMatrix-main File: C:/Users/Semi/Desktop/DE0Nano_VHDL-master/src/ADC_LEDMatrix/ADC_LEDMatrix_a.vhdl Line: 1
Info (12021): Found 1 design units, including 1 entities, in source file /users/semi/desktop/de0nano_vhdl-master/src/adc_ledmatrix/adc_ledmatrix.vhdl
    Info (12023): Found entity 1: ADC_LEDMatrix File: C:/Users/Semi/Desktop/DE0Nano_VHDL-master/src/ADC_LEDMatrix/ADC_LEDMatrix.vhdl Line: 8
Info (12127): Elaborating entity "de0nano_adc" for the top level hierarchy
Info (12128): Elaborating entity "spi_master" for hierarchy "spi_master:spi_driver" File: C:/Users/Semi/Desktop/DE0Nano_VHDL-master/src/ADC_LEDMatrix/de0nano_adc_a.vhdl Line: 5
Warning (13024): Output pins are stuck at VCC or GND
    Warning (13410): Pin "state.busy" is stuck at GND File: C:/Users/Semi/Desktop/DE0Nano_VHDL-master/src/ADC_LEDMatrix/de0nano_adc.vhdl Line: 13
Info (286030): Timing-Driven Synthesis is running
Info (16010): Generating hard_block partition "hard_block:auto_generated_inst"
    Info (16011): Adding 0 node(s), including 0 DDIO, 0 PLL, 0 transceiver and 0 LCELL
Info (21057): Implemented 211 device resources after synthesis - the final resource count might be different
    Info (21058): Implemented 20 input pins
    Info (21059): Implemented 23 output pins
    Info (21061): Implemented 168 logic cells
Info: Quartus Prime Analysis & Synthesis was successful. 0 errors, 3 warnings
    Info: Peak virtual memory: 4893 megabytes
    Info: Processing ended: Tue May 11 16:10:29 2021
    Info: Elapsed time: 00:00:33
    Info: Total CPU time (on all processors): 00:00:48


